start unstructured pruning for all conv layers
Pruning encoder.layers.0.self_attn.k_proj
Pruning encoder.layers.0.self_attn.v_proj
Pruning encoder.layers.0.self_attn.q_proj
Pruning encoder.layers.0.self_attn.out_proj
Pruning encoder.layers.1.self_attn.k_proj
Pruning encoder.layers.1.self_attn.v_proj
Pruning encoder.layers.1.self_attn.q_proj
Pruning encoder.layers.1.self_attn.out_proj
Pruning encoder.layers.2.self_attn.k_proj
Pruning encoder.layers.2.self_attn.v_proj
Pruning encoder.layers.2.self_attn.q_proj
Pruning encoder.layers.2.self_attn.out_proj
Pruning encoder.layers.3.self_attn.k_proj
Pruning encoder.layers.3.self_attn.v_proj
Pruning encoder.layers.3.self_attn.q_proj
Pruning encoder.layers.3.self_attn.out_proj
Pruning encoder.layers.4.self_attn.k_proj
Pruning encoder.layers.4.self_attn.v_proj
Pruning encoder.layers.4.self_attn.q_proj
Pruning encoder.layers.4.self_attn.out_proj
Pruning encoder.layers.5.self_attn.k_proj
Pruning encoder.layers.5.self_attn.v_proj
Pruning encoder.layers.5.self_attn.q_proj
Pruning encoder.layers.5.self_attn.out_proj
Pruning encoder.layers.6.self_attn.k_proj
Pruning encoder.layers.6.self_attn.v_proj
Pruning encoder.layers.6.self_attn.q_proj
Pruning encoder.layers.6.self_attn.out_proj
Pruning encoder.layers.7.self_attn.k_proj
Pruning encoder.layers.7.self_attn.v_proj
Pruning encoder.layers.7.self_attn.q_proj
Pruning encoder.layers.7.self_attn.out_proj
tensor(0.6667, device='cuda:0')
tensor(0.7500, device='cuda:0')
tensor(0.4375, device='cuda:0')
tensor(0.6923, device='cuda:0')
tensor(0., device='cuda:0')
ACC: tensor(0.6250, device='cuda:0')
tensor(0.5094, device='cuda:0')
tensor(0.6667, device='cuda:0')
tensor(0.2778, device='cuda:0')
tensor(0.4375, device='cuda:0')
tensor(0.8077, device='cuda:0')
tensor(0., device='cuda:0')
ACC: tensor(0.4904, device='cuda:0')
tensor(0.3571, device='cuda:0')
tensor(0.5556, device='cuda:0')
tensor(0.3056, device='cuda:0')
tensor(0.4062, device='cuda:0')
tensor(0.8077, device='cuda:0')
tensor(0., device='cuda:0')
ACC: tensor(0.4808, device='cuda:0')
tensor(0.3438, device='cuda:0')
tensor(0.6667, device='cuda:0')
tensor(0.5278, device='cuda:0')
tensor(0.4375, device='cuda:0')
tensor(0.8077, device='cuda:0')
tensor(0., device='cuda:0')
ACC: tensor(0.5769, device='cuda:0')
tensor(0.5000, device='cuda:0')
tensor(0.4444, device='cuda:0')
tensor(0.8056, device='cuda:0')
tensor(0.5000, device='cuda:0')
tensor(0.6154, device='cuda:0')
tensor(0., device='cuda:0')
ACC: tensor(0.6250, device='cuda:0')
tensor(0.5370, device='cuda:0')
tensor(0.4444, device='cuda:0')
tensor(0.5556, device='cuda:0')
tensor(0.4688, device='cuda:0')
tensor(0.8077, device='cuda:0')
tensor(0., device='cuda:0')
ACC: tensor(0.5769, device='cuda:0')
tensor(0.4878, device='cuda:0')
tensor(0.5556, device='cuda:0')
tensor(0.7500, device='cuda:0')
tensor(0.4062, device='cuda:0')
tensor(0.7692, device='cuda:0')
tensor(0., device='cuda:0')
ACC: tensor(0.6250, device='cuda:0')
tensor(0.5510, device='cuda:0')
tensor(0.5556, device='cuda:0')
tensor(0.6667, device='cuda:0')
tensor(0.3750, device='cuda:0')
tensor(0.7692, device='cuda:0')
tensor(0., device='cuda:0')
ACC: tensor(0.5865, device='cuda:0')
tensor(0.5000, device='cuda:0')
BEST_ACC: 0.625
start unstructured pruning for all conv layers
Pruning encoder.layers.0.self_attn.k_proj
Pruning encoder.layers.0.self_attn.v_proj
Pruning encoder.layers.0.self_attn.q_proj
Pruning encoder.layers.0.self_attn.out_proj
Pruning encoder.layers.1.self_attn.k_proj
Pruning encoder.layers.1.self_attn.v_proj
Pruning encoder.layers.1.self_attn.q_proj
Pruning encoder.layers.1.self_attn.out_proj
Pruning encoder.layers.2.self_attn.k_proj
Pruning encoder.layers.2.self_attn.v_proj
Pruning encoder.layers.2.self_attn.q_proj
Pruning encoder.layers.2.self_attn.out_proj
Pruning encoder.layers.3.self_attn.k_proj
Pruning encoder.layers.3.self_attn.v_proj
Pruning encoder.layers.3.self_attn.q_proj
Pruning encoder.layers.3.self_attn.out_proj
Pruning encoder.layers.4.self_attn.k_proj
Pruning encoder.layers.4.self_attn.v_proj
Pruning encoder.layers.4.self_attn.q_proj
Pruning encoder.layers.4.self_attn.out_proj
Pruning encoder.layers.5.self_attn.k_proj
Pruning encoder.layers.5.self_attn.v_proj
Pruning encoder.layers.5.self_attn.q_proj
Pruning encoder.layers.5.self_attn.out_proj
Pruning encoder.layers.6.self_attn.k_proj
Pruning encoder.layers.6.self_attn.v_proj
Pruning encoder.layers.6.self_attn.q_proj
Pruning encoder.layers.6.self_attn.out_proj
Pruning encoder.layers.7.self_attn.k_proj
Pruning encoder.layers.7.self_attn.v_proj
Pruning encoder.layers.7.self_attn.q_proj
Pruning encoder.layers.7.self_attn.out_proj
tensor(0.5556, device='cuda:0')
tensor(0.7500, device='cuda:0')
tensor(0.4375, device='cuda:0')
tensor(0.6538, device='cuda:0')
tensor(0., device='cuda:0')
ACC: tensor(0.6058, device='cuda:0')
tensor(0.5294, device='cuda:0')
tensor(0.6667, device='cuda:0')
tensor(0.2222, device='cuda:0')
tensor(0.5312, device='cuda:0')
tensor(0.8462, device='cuda:0')
tensor(0., device='cuda:0')
ACC: tensor(0.5096, device='cuda:0')
tensor(0.4211, device='cuda:0')
tensor(0.4444, device='cuda:0')
tensor(0.4444, device='cuda:0')
tensor(0.5000, device='cuda:0')
tensor(0.7692, device='cuda:0')
tensor(0., device='cuda:0')
ACC: tensor(0.5385, device='cuda:0')
tensor(0.5161, device='cuda:0')
tensor(0.4444, device='cuda:0')
tensor(0.4722, device='cuda:0')
tensor(0.5312, device='cuda:0')
tensor(0.7308, device='cuda:0')
tensor(0., device='cuda:0')
ACC: tensor(0.5481, device='cuda:0')
tensor(0.4857, device='cuda:0')
tensor(0.5556, device='cuda:0')
tensor(0.6389, device='cuda:0')
tensor(0.5000, device='cuda:0')
tensor(0.6538, device='cuda:0')
tensor(0., device='cuda:0')
ACC: tensor(0.5865, device='cuda:0')
tensor(0.4894, device='cuda:0')
tensor(0.5556, device='cuda:0')
tensor(0.8333, device='cuda:0')
tensor(0.4062, device='cuda:0')
tensor(0.6923, device='cuda:0')
tensor(0., device='cuda:0')
ACC: tensor(0.6346, device='cuda:0')
tensor(0.5172, device='cuda:0')
tensor(0.5556, device='cuda:0')
tensor(0.6667, device='cuda:0')
tensor(0.4688, device='cuda:0')
tensor(0.8077, device='cuda:0')
tensor(0., device='cuda:0')
ACC: tensor(0.6250, device='cuda:0')
tensor(0.5333, device='cuda:0')
tensor(0.5556, device='cuda:0')
tensor(0.5556, device='cuda:0')
tensor(0.4062, device='cuda:0')
tensor(0.8462, device='cuda:0')
tensor(0., device='cuda:0')
ACC: tensor(0.5769, device='cuda:0')
tensor(0.4762, device='cuda:0')
BEST_ACC: 0.634615421295166
start unstructured pruning for all conv layers
Pruning encoder.layers.0.self_attn.k_proj
Pruning encoder.layers.0.self_attn.v_proj
Pruning encoder.layers.0.self_attn.q_proj
Pruning encoder.layers.0.self_attn.out_proj
Pruning encoder.layers.1.self_attn.k_proj
Pruning encoder.layers.1.self_attn.v_proj
Pruning encoder.layers.1.self_attn.q_proj
Pruning encoder.layers.1.self_attn.out_proj
Pruning encoder.layers.2.self_attn.k_proj
Pruning encoder.layers.2.self_attn.v_proj
Pruning encoder.layers.2.self_attn.q_proj
Pruning encoder.layers.2.self_attn.out_proj
Pruning encoder.layers.3.self_attn.k_proj
Pruning encoder.layers.3.self_attn.v_proj
Pruning encoder.layers.3.self_attn.q_proj
Pruning encoder.layers.3.self_attn.out_proj
Pruning encoder.layers.4.self_attn.k_proj
Pruning encoder.layers.4.self_attn.v_proj
Pruning encoder.layers.4.self_attn.q_proj
Pruning encoder.layers.4.self_attn.out_proj
Pruning encoder.layers.5.self_attn.k_proj
Pruning encoder.layers.5.self_attn.v_proj
Pruning encoder.layers.5.self_attn.q_proj
Pruning encoder.layers.5.self_attn.out_proj
Pruning encoder.layers.6.self_attn.k_proj
Pruning encoder.layers.6.self_attn.v_proj
Pruning encoder.layers.6.self_attn.q_proj
Pruning encoder.layers.6.self_attn.out_proj
Pruning encoder.layers.7.self_attn.k_proj
Pruning encoder.layers.7.self_attn.v_proj
Pruning encoder.layers.7.self_attn.q_proj
Pruning encoder.layers.7.self_attn.out_proj
tensor(0.5556, device='cuda:0')
tensor(0.6667, device='cuda:0')
tensor(0.4062, device='cuda:0')
tensor(0.6923, device='cuda:0')
tensor(0., device='cuda:0')
ACC: tensor(0.5769, device='cuda:0')
tensor(0.4898, device='cuda:0')
tensor(0.6667, device='cuda:0')
tensor(0.5556, device='cuda:0')
tensor(0.3750, device='cuda:0')
tensor(0.7308, device='cuda:0')
tensor(0., device='cuda:0')
ACC: tensor(0.5481, device='cuda:0')
tensor(0.4651, device='cuda:0')
tensor(0.5556, device='cuda:0')
tensor(0.3611, device='cuda:0')
tensor(0.4375, device='cuda:0')
tensor(0.7692, device='cuda:0')
tensor(0., device='cuda:0')
ACC: tensor(0.5000, device='cuda:0')
tensor(0.4333, device='cuda:0')
tensor(0.5556, device='cuda:0')
tensor(0.6389, device='cuda:0')
tensor(0.3438, device='cuda:0')
tensor(0.6923, device='cuda:0')
tensor(0., device='cuda:0')
ACC: tensor(0.5481, device='cuda:0')
tensor(0.4423, device='cuda:0')
tensor(0.5556, device='cuda:0')
tensor(0.8333, device='cuda:0')
tensor(0.3750, device='cuda:0')
tensor(0.5769, device='cuda:0')
tensor(0., device='cuda:0')
ACC: tensor(0.5962, device='cuda:0')
tensor(0.5000, device='cuda:0')
tensor(0.3333, device='cuda:0')
tensor(0.7222, device='cuda:0')
tensor(0.4688, device='cuda:0')
tensor(0.6923, device='cuda:0')
tensor(0., device='cuda:0')
ACC: tensor(0.5962, device='cuda:0')
tensor(0.5200, device='cuda:0')
tensor(0.4444, device='cuda:0')
tensor(0.5000, device='cuda:0')
tensor(0.4688, device='cuda:0')
tensor(0.7692, device='cuda:0')
tensor(0., device='cuda:0')
ACC: tensor(0.5481, device='cuda:0')
tensor(0.4615, device='cuda:0')
tensor(0.4444, device='cuda:0')
tensor(0.4722, device='cuda:0')
tensor(0.4688, device='cuda:0')
tensor(0.7308, device='cuda:0')
tensor(0., device='cuda:0')
ACC: tensor(0.5288, device='cuda:0')
tensor(0.4595, device='cuda:0')
BEST_ACC: 0.5961538553237915
start unstructured pruning for all conv layers
Pruning encoder.layers.0.self_attn.k_proj
Pruning encoder.layers.0.self_attn.v_proj
Pruning encoder.layers.0.self_attn.q_proj
Pruning encoder.layers.0.self_attn.out_proj
Pruning encoder.layers.1.self_attn.k_proj
Pruning encoder.layers.1.self_attn.v_proj
Pruning encoder.layers.1.self_attn.q_proj
Pruning encoder.layers.1.self_attn.out_proj
Pruning encoder.layers.2.self_attn.k_proj
Pruning encoder.layers.2.self_attn.v_proj
Pruning encoder.layers.2.self_attn.q_proj
Pruning encoder.layers.2.self_attn.out_proj
Pruning encoder.layers.3.self_attn.k_proj
Pruning encoder.layers.3.self_attn.v_proj
Pruning encoder.layers.3.self_attn.q_proj
Pruning encoder.layers.3.self_attn.out_proj
Pruning encoder.layers.4.self_attn.k_proj
Pruning encoder.layers.4.self_attn.v_proj
Pruning encoder.layers.4.self_attn.q_proj
Pruning encoder.layers.4.self_attn.out_proj
Pruning encoder.layers.5.self_attn.k_proj
Pruning encoder.layers.5.self_attn.v_proj
Pruning encoder.layers.5.self_attn.q_proj
Pruning encoder.layers.5.self_attn.out_proj
Pruning encoder.layers.6.self_attn.k_proj
Pruning encoder.layers.6.self_attn.v_proj
Pruning encoder.layers.6.self_attn.q_proj
Pruning encoder.layers.6.self_attn.out_proj
Pruning encoder.layers.7.self_attn.k_proj
Pruning encoder.layers.7.self_attn.v_proj
Pruning encoder.layers.7.self_attn.q_proj
Pruning encoder.layers.7.self_attn.out_proj
tensor(0.4444, device='cuda:0')
tensor(0.6667, device='cuda:0')
tensor(0.5312, device='cuda:0')
tensor(0.5000, device='cuda:0')
tensor(0., device='cuda:0')
ACC: tensor(0.5577, device='cuda:0')
tensor(0.4706, device='cuda:0')
tensor(0.4444, device='cuda:0')
tensor(0.8333, device='cuda:0')
tensor(0.3750, device='cuda:0')
tensor(0.6538, device='cuda:0')
tensor(0., device='cuda:0')
ACC: tensor(0.6058, device='cuda:0')
tensor(0.5263, device='cuda:0')
tensor(0.6667, device='cuda:0')
tensor(0.4722, device='cuda:0')
tensor(0.3750, device='cuda:0')
tensor(0.7308, device='cuda:0')
tensor(0., device='cuda:0')
ACC: tensor(0.5192, device='cuda:0')
tensor(0.4359, device='cuda:0')
tensor(0.4444, device='cuda:0')
tensor(0.7500, device='cuda:0')
tensor(0.3750, device='cuda:0')
tensor(0.6538, device='cuda:0')
tensor(0., device='cuda:0')
ACC: tensor(0.5769, device='cuda:0')
tensor(0.5000, device='cuda:0')
tensor(0.3333, device='cuda:0')
tensor(0.8056, device='cuda:0')
tensor(0.4375, device='cuda:0')
tensor(0.5769, device='cuda:0')
tensor(0., device='cuda:0')
ACC: tensor(0.5865, device='cuda:0')
tensor(0.5273, device='cuda:0')
tensor(0.2222, device='cuda:0')
tensor(0.7222, device='cuda:0')
tensor(0.4375, device='cuda:0')
tensor(0.7308, device='cuda:0')
tensor(0., device='cuda:0')
ACC: tensor(0.5865, device='cuda:0')
tensor(0.5200, device='cuda:0')
tensor(0.5556, device='cuda:0')
tensor(0.4444, device='cuda:0')
tensor(0.3750, device='cuda:0')
tensor(0.6538, device='cuda:0')
tensor(1., device='cuda:0')
ACC: tensor(0.4904, device='cuda:0')
tensor(0.4211, device='cuda:0')
tensor(0.5556, device='cuda:0')
tensor(0.4722, device='cuda:0')
tensor(0.3750, device='cuda:0')
tensor(0.7692, device='cuda:0')
tensor(0., device='cuda:0')
ACC: tensor(0.5192, device='cuda:0')
tensor(0.4146, device='cuda:0')
BEST_ACC: 0.6057692766189575
start unstructured pruning for all conv layers
Pruning encoder.layers.0.self_attn.k_proj
Pruning encoder.layers.0.self_attn.v_proj
Pruning encoder.layers.0.self_attn.q_proj
Pruning encoder.layers.0.self_attn.out_proj
Pruning encoder.layers.1.self_attn.k_proj
Pruning encoder.layers.1.self_attn.v_proj
Pruning encoder.layers.1.self_attn.q_proj
Pruning encoder.layers.1.self_attn.out_proj
Pruning encoder.layers.2.self_attn.k_proj
Pruning encoder.layers.2.self_attn.v_proj
Pruning encoder.layers.2.self_attn.q_proj
Pruning encoder.layers.2.self_attn.out_proj
Pruning encoder.layers.3.self_attn.k_proj
Pruning encoder.layers.3.self_attn.v_proj
Pruning encoder.layers.3.self_attn.q_proj
Pruning encoder.layers.3.self_attn.out_proj
Pruning encoder.layers.4.self_attn.k_proj
Pruning encoder.layers.4.self_attn.v_proj
Pruning encoder.layers.4.self_attn.q_proj
Pruning encoder.layers.4.self_attn.out_proj
Pruning encoder.layers.5.self_attn.k_proj
Pruning encoder.layers.5.self_attn.v_proj
Pruning encoder.layers.5.self_attn.q_proj
Pruning encoder.layers.5.self_attn.out_proj
Pruning encoder.layers.6.self_attn.k_proj
Pruning encoder.layers.6.self_attn.v_proj
Pruning encoder.layers.6.self_attn.q_proj
Pruning encoder.layers.6.self_attn.out_proj
Pruning encoder.layers.7.self_attn.k_proj
Pruning encoder.layers.7.self_attn.v_proj
Pruning encoder.layers.7.self_attn.q_proj
Pruning encoder.layers.7.self_attn.out_proj
tensor(0.4444, device='cuda:0')
tensor(0.6667, device='cuda:0')
tensor(0.4375, device='cuda:0')
tensor(0.6154, device='cuda:0')
tensor(0., device='cuda:0')
ACC: tensor(0.5577, device='cuda:0')
tensor(0.4615, device='cuda:0')
tensor(0.5556, device='cuda:0')
tensor(0.5556, device='cuda:0')
tensor(0.4375, device='cuda:0')
tensor(0.6538, device='cuda:0')
tensor(0., device='cuda:0')
ACC: tensor(0.5385, device='cuda:0')
tensor(0.4444, device='cuda:0')
tensor(0.5556, device='cuda:0')
tensor(0.6944, device='cuda:0')
tensor(0.3125, device='cuda:0')
tensor(0.6538, device='cuda:0')
tensor(0., device='cuda:0')
ACC: tensor(0.5481, device='cuda:0')
tensor(0.4630, device='cuda:0')
tensor(0.6667, device='cuda:0')
tensor(0.7222, device='cuda:0')
tensor(0.3438, device='cuda:0')
tensor(0.6538, device='cuda:0')
tensor(0., device='cuda:0')
ACC: tensor(0.5769, device='cuda:0')
tensor(0.4815, device='cuda:0')
tensor(0.5556, device='cuda:0')
tensor(0.7500, device='cuda:0')
tensor(0.4062, device='cuda:0')
tensor(0.7308, device='cuda:0')
tensor(0., device='cuda:0')
ACC: tensor(0.6154, device='cuda:0')
tensor(0.5000, device='cuda:0')
tensor(0.3333, device='cuda:0')
tensor(0.5278, device='cuda:0')
tensor(0.5312, device='cuda:0')
tensor(0.7308, device='cuda:0')
tensor(0., device='cuda:0')
ACC: tensor(0.5577, device='cuda:0')
tensor(0.4634, device='cuda:0')
tensor(0.5556, device='cuda:0')
tensor(0.6111, device='cuda:0')
tensor(0.4688, device='cuda:0')
tensor(0.6923, device='cuda:0')
tensor(0., device='cuda:0')
ACC: tensor(0.5769, device='cuda:0')
tensor(0.4783, device='cuda:0')
tensor(0.5556, device='cuda:0')
tensor(0.5833, device='cuda:0')
tensor(0.4062, device='cuda:0')
tensor(0.7692, device='cuda:0')
tensor(0., device='cuda:0')
ACC: tensor(0.5673, device='cuda:0')
tensor(0.4667, device='cuda:0')
BEST_ACC: 0.6153846383094788
start unstructured pruning for all conv layers
Pruning encoder.layers.0.self_attn.k_proj
Pruning encoder.layers.0.self_attn.v_proj
Pruning encoder.layers.0.self_attn.q_proj
Pruning encoder.layers.0.self_attn.out_proj
Pruning encoder.layers.1.self_attn.k_proj
Pruning encoder.layers.1.self_attn.v_proj
Pruning encoder.layers.1.self_attn.q_proj
Pruning encoder.layers.1.self_attn.out_proj
Pruning encoder.layers.2.self_attn.k_proj
Pruning encoder.layers.2.self_attn.v_proj
Pruning encoder.layers.2.self_attn.q_proj
Pruning encoder.layers.2.self_attn.out_proj
Pruning encoder.layers.3.self_attn.k_proj
Pruning encoder.layers.3.self_attn.v_proj
Pruning encoder.layers.3.self_attn.q_proj
Pruning encoder.layers.3.self_attn.out_proj
Pruning encoder.layers.4.self_attn.k_proj
Pruning encoder.layers.4.self_attn.v_proj
Pruning encoder.layers.4.self_attn.q_proj
Pruning encoder.layers.4.self_attn.out_proj
Pruning encoder.layers.5.self_attn.k_proj
Pruning encoder.layers.5.self_attn.v_proj
Pruning encoder.layers.5.self_attn.q_proj
Pruning encoder.layers.5.self_attn.out_proj
Pruning encoder.layers.6.self_attn.k_proj
Pruning encoder.layers.6.self_attn.v_proj
Pruning encoder.layers.6.self_attn.q_proj
Pruning encoder.layers.6.self_attn.out_proj
Pruning encoder.layers.7.self_attn.k_proj
Pruning encoder.layers.7.self_attn.v_proj
Pruning encoder.layers.7.self_attn.q_proj
Pruning encoder.layers.7.self_attn.out_proj
tensor(0.3333, device='cuda:0')
tensor(0.7222, device='cuda:0')
tensor(0.4375, device='cuda:0')
tensor(0.6923, device='cuda:0')
tensor(0., device='cuda:0')
ACC: tensor(0.5865, device='cuda:0')
tensor(0.4815, device='cuda:0')
tensor(0.5556, device='cuda:0')
tensor(0.6389, device='cuda:0')
tensor(0.3438, device='cuda:0')
tensor(0.6923, device='cuda:0')
tensor(0., device='cuda:0')
ACC: tensor(0.5481, device='cuda:0')
tensor(0.4792, device='cuda:0')
tensor(0.5556, device='cuda:0')
tensor(0.3333, device='cuda:0')
tensor(0.3438, device='cuda:0')
tensor(0.7692, device='cuda:0')
tensor(0., device='cuda:0')
ACC: tensor(0.4615, device='cuda:0')
tensor(0.3529, device='cuda:0')
tensor(0.4444, device='cuda:0')
tensor(0.5833, device='cuda:0')
tensor(0.3438, device='cuda:0')
tensor(0.6923, device='cuda:0')
tensor(0., device='cuda:0')
ACC: tensor(0.5192, device='cuda:0')
tensor(0.4565, device='cuda:0')
tensor(0.3333, device='cuda:0')
tensor(0.8056, device='cuda:0')
tensor(0.3750, device='cuda:0')
tensor(0.5769, device='cuda:0')
tensor(0., device='cuda:0')
ACC: tensor(0.5673, device='cuda:0')
tensor(0.4915, device='cuda:0')
tensor(0.3333, device='cuda:0')
tensor(0.5833, device='cuda:0')
tensor(0.4688, device='cuda:0')
tensor(0.7692, device='cuda:0')
tensor(0., device='cuda:0')
ACC: tensor(0.5673, device='cuda:0')
tensor(0.5000, device='cuda:0')
tensor(0.5556, device='cuda:0')
tensor(0.7222, device='cuda:0')
tensor(0.3438, device='cuda:0')
tensor(0.6923, device='cuda:0')
tensor(0., device='cuda:0')
ACC: tensor(0.5769, device='cuda:0')
tensor(0.4815, device='cuda:0')
tensor(0.5556, device='cuda:0')
tensor(0.7222, device='cuda:0')
tensor(0.3750, device='cuda:0')
tensor(0.6923, device='cuda:0')
tensor(0., device='cuda:0')
ACC: tensor(0.5865, device='cuda:0')
tensor(0.5098, device='cuda:0')
BEST_ACC: 0.5865384936332703
start unstructured pruning for all conv layers
Pruning encoder.layers.0.self_attn.k_proj
Pruning encoder.layers.0.self_attn.v_proj
Pruning encoder.layers.0.self_attn.q_proj
Pruning encoder.layers.0.self_attn.out_proj
Pruning encoder.layers.1.self_attn.k_proj
Pruning encoder.layers.1.self_attn.v_proj
Pruning encoder.layers.1.self_attn.q_proj
Pruning encoder.layers.1.self_attn.out_proj
Pruning encoder.layers.2.self_attn.k_proj
Pruning encoder.layers.2.self_attn.v_proj
Pruning encoder.layers.2.self_attn.q_proj
Pruning encoder.layers.2.self_attn.out_proj
Pruning encoder.layers.3.self_attn.k_proj
Pruning encoder.layers.3.self_attn.v_proj
Pruning encoder.layers.3.self_attn.q_proj
Pruning encoder.layers.3.self_attn.out_proj
Pruning encoder.layers.4.self_attn.k_proj
Pruning encoder.layers.4.self_attn.v_proj
Pruning encoder.layers.4.self_attn.q_proj
Pruning encoder.layers.4.self_attn.out_proj
Pruning encoder.layers.5.self_attn.k_proj
Pruning encoder.layers.5.self_attn.v_proj
Pruning encoder.layers.5.self_attn.q_proj
Pruning encoder.layers.5.self_attn.out_proj
Pruning encoder.layers.6.self_attn.k_proj
Pruning encoder.layers.6.self_attn.v_proj
Pruning encoder.layers.6.self_attn.q_proj
Pruning encoder.layers.6.self_attn.out_proj
Pruning encoder.layers.7.self_attn.k_proj
Pruning encoder.layers.7.self_attn.v_proj
Pruning encoder.layers.7.self_attn.q_proj
Pruning encoder.layers.7.self_attn.out_proj
tensor(0.5556, device='cuda:0')
tensor(0.7500, device='cuda:0')
tensor(0.4062, device='cuda:0')
tensor(0.6923, device='cuda:0')
tensor(0., device='cuda:0')
ACC: tensor(0.6058, device='cuda:0')
tensor(0.4737, device='cuda:0')
tensor(0.4444, device='cuda:0')
tensor(0.4722, device='cuda:0')
tensor(0.3750, device='cuda:0')
tensor(0.7692, device='cuda:0')
tensor(0., device='cuda:0')
ACC: tensor(0.5096, device='cuda:0')
tensor(0.4474, device='cuda:0')
tensor(0.2222, device='cuda:0')
tensor(0.4444, device='cuda:0')
tensor(0.3438, device='cuda:0')
tensor(0.8462, device='cuda:0')
tensor(0., device='cuda:0')
ACC: tensor(0.4904, device='cuda:0')
tensor(0.4103, device='cuda:0')
tensor(0.3333, device='cuda:0')
tensor(0.5278, device='cuda:0')
tensor(0.4062, device='cuda:0')
tensor(0.7308, device='cuda:0')
tensor(0., device='cuda:0')
ACC: tensor(0.5192, device='cuda:0')
tensor(0.4222, device='cuda:0')
tensor(0.3333, device='cuda:0')
tensor(0.5278, device='cuda:0')
tensor(0.5312, device='cuda:0')
tensor(0.6154, device='cuda:0')
tensor(0., device='cuda:0')
ACC: tensor(0.5288, device='cuda:0')
tensor(0.4222, device='cuda:0')
tensor(0.3333, device='cuda:0')
tensor(0.6111, device='cuda:0')
tensor(0.5312, device='cuda:0')
tensor(0.6538, device='cuda:0')
tensor(0., device='cuda:0')
ACC: tensor(0.5673, device='cuda:0')
tensor(0.4681, device='cuda:0')
tensor(0.5556, device='cuda:0')
tensor(0.6389, device='cuda:0')
tensor(0.4375, device='cuda:0')
tensor(0.7308, device='cuda:0')
tensor(0., device='cuda:0')
ACC: tensor(0.5865, device='cuda:0')
tensor(0.4694, device='cuda:0')
tensor(0.5556, device='cuda:0')
tensor(0.5556, device='cuda:0')
tensor(0.4688, device='cuda:0')
tensor(0.7308, device='cuda:0')
tensor(0., device='cuda:0')
ACC: tensor(0.5673, device='cuda:0')
tensor(0.4545, device='cuda:0')
BEST_ACC: 0.6057692766189575
start unstructured pruning for all conv layers
Pruning encoder.layers.0.self_attn.k_proj
Pruning encoder.layers.0.self_attn.v_proj
Pruning encoder.layers.0.self_attn.q_proj
Pruning encoder.layers.0.self_attn.out_proj
Pruning encoder.layers.1.self_attn.k_proj
Pruning encoder.layers.1.self_attn.v_proj
Pruning encoder.layers.1.self_attn.q_proj
Pruning encoder.layers.1.self_attn.out_proj
Pruning encoder.layers.2.self_attn.k_proj
Pruning encoder.layers.2.self_attn.v_proj
Pruning encoder.layers.2.self_attn.q_proj
Pruning encoder.layers.2.self_attn.out_proj
Pruning encoder.layers.3.self_attn.k_proj
Pruning encoder.layers.3.self_attn.v_proj
Pruning encoder.layers.3.self_attn.q_proj
Pruning encoder.layers.3.self_attn.out_proj
Pruning encoder.layers.4.self_attn.k_proj
Pruning encoder.layers.4.self_attn.v_proj
Pruning encoder.layers.4.self_attn.q_proj
Pruning encoder.layers.4.self_attn.out_proj
Pruning encoder.layers.5.self_attn.k_proj
Pruning encoder.layers.5.self_attn.v_proj
Pruning encoder.layers.5.self_attn.q_proj
Pruning encoder.layers.5.self_attn.out_proj
Pruning encoder.layers.6.self_attn.k_proj
Pruning encoder.layers.6.self_attn.v_proj
Pruning encoder.layers.6.self_attn.q_proj
Pruning encoder.layers.6.self_attn.out_proj
Pruning encoder.layers.7.self_attn.k_proj
Pruning encoder.layers.7.self_attn.v_proj
Pruning encoder.layers.7.self_attn.q_proj
Pruning encoder.layers.7.self_attn.out_proj
tensor(0.5556, device='cuda:0')
tensor(0.6944, device='cuda:0')
tensor(0.4375, device='cuda:0')
tensor(0.6923, device='cuda:0')
tensor(0., device='cuda:0')
ACC: tensor(0.5962, device='cuda:0')
tensor(0.5000, device='cuda:0')
tensor(0.3333, device='cuda:0')
tensor(0.3889, device='cuda:0')
tensor(0.3438, device='cuda:0')
tensor(0.8462, device='cuda:0')
tensor(0., device='cuda:0')
ACC: tensor(0.4808, device='cuda:0')
tensor(0.3784, device='cuda:0')
tensor(0.3333, device='cuda:0')
tensor(0.4167, device='cuda:0')
tensor(0.3438, device='cuda:0')
tensor(0.7308, device='cuda:0')/home/xc4863/esm/esm/pretrained.py:173: UserWarning: Regression weights not found, predicting contacts will not produce correct results.
  "Regression weights not found, predicting contacts will not produce correct results."
/home/xc4863/esm/esm/inverse_folding/util.py:243: UserWarning: To copy construct from a tensor, it is recommended to use sourceTensor.clone().detach() or sourceTensor.clone().detach().requires_grad_(True), rather than torch.tensor(sourceTensor).
  for cd, _ in coords_and_confidence

tensor(0., device='cuda:0')
ACC: tensor(0.4615, device='cuda:0')
tensor(0.3750, device='cuda:0')
tensor(0.3333, device='cuda:0')
tensor(0.5556, device='cuda:0')
tensor(0.3438, device='cuda:0')
tensor(0.8077, device='cuda:0')
tensor(0., device='cuda:0')
ACC: tensor(0.5288, device='cuda:0')
tensor(0.4348, device='cuda:0')
tensor(0.3333, device='cuda:0')
tensor(0.8333, device='cuda:0')
tensor(0.3125, device='cuda:0')
tensor(0.6154, device='cuda:0')
tensor(0., device='cuda:0')
ACC: tensor(0.5673, device='cuda:0')
tensor(0.4688, device='cuda:0')
tensor(0.3333, device='cuda:0')
tensor(0.6111, device='cuda:0')
tensor(0.5000, device='cuda:0')
tensor(0.6923, device='cuda:0')
tensor(0., device='cuda:0')
ACC: tensor(0.5673, device='cuda:0')
tensor(0.4889, device='cuda:0')
tensor(0.3333, device='cuda:0')
tensor(0.7500, device='cuda:0')
tensor(0.3750, device='cuda:0')
tensor(0.7692, device='cuda:0')
tensor(0., device='cuda:0')
ACC: tensor(0.5962, device='cuda:0')
tensor(0.5094, device='cuda:0')
tensor(0.3333, device='cuda:0')
tensor(0.6667, device='cuda:0')
tensor(0.3750, device='cuda:0')
tensor(0.7308, device='cuda:0')
tensor(0., device='cuda:0')
ACC: tensor(0.5577, device='cuda:0')
tensor(0.4706, device='cuda:0')
BEST_ACC: 0.5961538553237915
start unstructured pruning for all conv layers
Pruning encoder.layers.0.self_attn.k_proj
Pruning encoder.layers.0.self_attn.v_proj
Pruning encoder.layers.0.self_attn.q_proj
Pruning encoder.layers.0.self_attn.out_proj
Pruning encoder.layers.1.self_attn.k_proj
Pruning encoder.layers.1.self_attn.v_proj
Pruning encoder.layers.1.self_attn.q_proj
Pruning encoder.layers.1.self_attn.out_proj
Pruning encoder.layers.2.self_attn.k_proj
Pruning encoder.layers.2.self_attn.v_proj
Pruning encoder.layers.2.self_attn.q_proj
Pruning encoder.layers.2.self_attn.out_proj
Pruning encoder.layers.3.self_attn.k_proj
Pruning encoder.layers.3.self_attn.v_proj
Pruning encoder.layers.3.self_attn.q_proj
Pruning encoder.layers.3.self_attn.out_proj
Pruning encoder.layers.4.self_attn.k_proj
Pruning encoder.layers.4.self_attn.v_proj
Pruning encoder.layers.4.self_attn.q_proj
Pruning encoder.layers.4.self_attn.out_proj
Pruning encoder.layers.5.self_attn.k_proj
Pruning encoder.layers.5.self_attn.v_proj
Pruning encoder.layers.5.self_attn.q_proj
Pruning encoder.layers.5.self_attn.out_proj
Pruning encoder.layers.6.self_attn.k_proj
Pruning encoder.layers.6.self_attn.v_proj
Pruning encoder.layers.6.self_attn.q_proj
Pruning encoder.layers.6.self_attn.out_proj
Pruning encoder.layers.7.self_attn.k_proj
Pruning encoder.layers.7.self_attn.v_proj
Pruning encoder.layers.7.self_attn.q_proj
Pruning encoder.layers.7.self_attn.out_proj
tensor(0.5556, device='cuda:0')
tensor(0.6944, device='cuda:0')
tensor(0.3750, device='cuda:0')
tensor(0.7692, device='cuda:0')
tensor(0., device='cuda:0')
ACC: tensor(0.5962, device='cuda:0')
tensor(0.4808, device='cuda:0')
tensor(0.3333, device='cuda:0')
tensor(0.4167, device='cuda:0')
tensor(0.3438, device='cuda:0')
tensor(0.7692, device='cuda:0')
tensor(0., device='cuda:0')
ACC: tensor(0.4712, device='cuda:0')
tensor(0.3846, device='cuda:0')
tensor(0.4444, device='cuda:0')
tensor(0.3611, device='cuda:0')
tensor(0.3750, device='cuda:0')
tensor(0.8846, device='cuda:0')
tensor(0., device='cuda:0')
ACC: tensor(0.5000, device='cuda:0')
tensor(0.3939, device='cuda:0')
tensor(0.3333, device='cuda:0')
tensor(0.5556, device='cuda:0')
tensor(0.3438, device='cuda:0')
tensor(0.7692, device='cuda:0')
tensor(0., device='cuda:0')
ACC: tensor(0.5192, device='cuda:0')
tensor(0.4444, device='cuda:0')
tensor(0.3333, device='cuda:0')
tensor(0.8889, device='cuda:0')
tensor(0.3438, device='cuda:0')
tensor(0.5769, device='cuda:0')
tensor(0., device='cuda:0')
ACC: tensor(0.5865, device='cuda:0')
tensor(0.4848, device='cuda:0')
tensor(0.3333, device='cuda:0')
tensor(0.6389, device='cuda:0')
tensor(0.3750, device='cuda:0')
tensor(0.6154, device='cuda:0')
tensor(0., device='cuda:0')
ACC: tensor(0.5192, device='cuda:0')
tensor(0.4694, device='cuda:0')
tensor(0.3333, device='cuda:0')
tensor(0.6389, device='cuda:0')
tensor(0.3750, device='cuda:0')
tensor(0.8077, device='cuda:0')
tensor(0., device='cuda:0')
ACC: tensor(0.5673, device='cuda:0')
tensor(0.4792, device='cuda:0')
tensor(0.3333, device='cuda:0')
tensor(0.6667, device='cuda:0')
tensor(0.3750, device='cuda:0')
tensor(0.8077, device='cuda:0')
tensor(0., device='cuda:0')
ACC: tensor(0.5769, device='cuda:0')
tensor(0.4898, device='cuda:0')
BEST_ACC: 0.5961538553237915
