start unstructured pruning for all conv layers
Pruning encoder.layers.0.self_attn.k_proj
Pruning encoder.layers.0.self_attn.v_proj
Pruning encoder.layers.0.self_attn.q_proj
Pruning encoder.layers.0.self_attn.out_proj
Pruning encoder.layers.1.self_attn.k_proj
Pruning encoder.layers.1.self_attn.v_proj
Pruning encoder.layers.1.self_attn.q_proj
Pruning encoder.layers.1.self_attn.out_proj
Pruning encoder.layers.2.self_attn.k_proj
Pruning encoder.layers.2.self_attn.v_proj
Pruning encoder.layers.2.self_attn.q_proj
Pruning encoder.layers.2.self_attn.out_proj
Pruning encoder.layers.3.self_attn.k_proj
Pruning encoder.layers.3.self_attn.v_proj
Pruning encoder.layers.3.self_attn.q_proj
Pruning encoder.layers.3.self_attn.out_proj
Pruning encoder.layers.4.self_attn.k_proj
Pruning encoder.layers.4.self_attn.v_proj
Pruning encoder.layers.4.self_attn.q_proj
Pruning encoder.layers.4.self_attn.out_proj
Pruning encoder.layers.5.self_attn.k_proj
Pruning encoder.layers.5.self_attn.v_proj
Pruning encoder.layers.5.self_attn.q_proj
Pruning encoder.layers.5.self_attn.out_proj
Pruning encoder.layers.6.self_attn.k_proj
Pruning encoder.layers.6.self_attn.v_proj
Pruning encoder.layers.6.self_attn.q_proj
Pruning encoder.layers.6.self_attn.out_proj
Pruning encoder.layers.7.self_attn.k_proj
Pruning encoder.layers.7.self_attn.v_proj
Pruning encoder.layers.7.self_attn.q_proj
Pruning encoder.layers.7.self_attn.out_proj
tensor(0.4444, device='cuda:0')
tensor(0.6471, device='cuda:0')
tensor(0.6286, device='cuda:0')
tensor(0.8095, device='cuda:0')
tensor(0., device='cuda:0')
ACC: tensor(0.6250, device='cuda:0')
tensor(0.5366, device='cuda:0')
tensor(0.5556, device='cuda:0')
tensor(0.5588, device='cuda:0')
tensor(0.5143, device='cuda:0')
tensor(0.8571, device='cuda:0')
tensor(0., device='cuda:0')
ACC: tensor(0.5769, device='cuda:0')
tensor(0.5758, device='cuda:0')
tensor(0.5556, device='cuda:0')
tensor(0.5000, device='cuda:0')
tensor(0.4857, device='cuda:0')
tensor(0.9048, device='cuda:0')
tensor(0., device='cuda:0')
ACC: tensor(0.5577, device='cuda:0')
tensor(0.5000, device='cuda:0')
tensor(0.5556, device='cuda:0')
tensor(0.5000, device='cuda:0')
tensor(0.6000, device='cuda:0')
tensor(0.9048, device='cuda:0')
tensor(0., device='cuda:0')
ACC: tensor(0.5962, device='cuda:0')
tensor(0.5862, device='cuda:0')
tensor(0.5556, device='cuda:0')
tensor(0.6765, device='cuda:0')
tensor(0.6286, device='cuda:0')
tensor(0.8095, device='cuda:0')
tensor(0., device='cuda:0')
ACC: tensor(0.6442, device='cuda:0')
tensor(0.5750, device='cuda:0')
tensor(0.5556, device='cuda:0')
tensor(0.5294, device='cuda:0')
tensor(0.6000, device='cuda:0')
tensor(0.9048, device='cuda:0')
tensor(0., device='cuda:0')
ACC: tensor(0.6058, device='cuda:0')
tensor(0.5294, device='cuda:0')
tensor(0.4444, device='cuda:0')
tensor(0.5000, device='cuda:0')
tensor(0.6000, device='cuda:0')
tensor(0.9048, device='cuda:0')
tensor(0., device='cuda:0')
ACC: tensor(0.5865, device='cuda:0')
tensor(0.5152, device='cuda:0')
tensor(0.4444, device='cuda:0')
tensor(0.5294, device='cuda:0')
tensor(0.6286, device='cuda:0')
tensor(0.9524, device='cuda:0')
tensor(0., device='cuda:0')
ACC: tensor(0.6154, device='cuda:0')
tensor(0.5455, device='cuda:0')
BEST_ACC: 0.6442307829856873
start unstructured pruning for all conv layers
Pruning encoder.layers.0.self_attn.k_proj
Pruning encoder.layers.0.self_attn.v_proj
Pruning encoder.layers.0.self_attn.q_proj
Pruning encoder.layers.0.self_attn.out_proj
Pruning encoder.layers.1.self_attn.k_proj
Pruning encoder.layers.1.self_attn.v_proj
Pruning encoder.layers.1.self_attn.q_proj
Pruning encoder.layers.1.self_attn.out_proj
Pruning encoder.layers.2.self_attn.k_proj
Pruning encoder.layers.2.self_attn.v_proj
Pruning encoder.layers.2.self_attn.q_proj
Pruning encoder.layers.2.self_attn.out_proj
Pruning encoder.layers.3.self_attn.k_proj
Pruning encoder.layers.3.self_attn.v_proj
Pruning encoder.layers.3.self_attn.q_proj
Pruning encoder.layers.3.self_attn.out_proj
Pruning encoder.layers.4.self_attn.k_proj
Pruning encoder.layers.4.self_attn.v_proj
Pruning encoder.layers.4.self_attn.q_proj
Pruning encoder.layers.4.self_attn.out_proj
Pruning encoder.layers.5.self_attn.k_proj
Pruning encoder.layers.5.self_attn.v_proj
Pruning encoder.layers.5.self_attn.q_proj
Pruning encoder.layers.5.self_attn.out_proj
Pruning encoder.layers.6.self_attn.k_proj
Pruning encoder.layers.6.self_attn.v_proj
Pruning encoder.layers.6.self_attn.q_proj
Pruning encoder.layers.6.self_attn.out_proj
Pruning encoder.layers.7.self_attn.k_proj
Pruning encoder.layers.7.self_attn.v_proj
Pruning encoder.layers.7.self_attn.q_proj
Pruning encoder.layers.7.self_attn.out_proj
tensor(0.5556, device='cuda:0')
tensor(0.7059, device='cuda:0')
tensor(0.6000, device='cuda:0')
tensor(0.8095, device='cuda:0')
tensor(0.2000, device='cuda:0')
ACC: tensor(0.6538, device='cuda:0')
tensor(0.5714, device='cuda:0')
tensor(0.5556, device='cuda:0')
tensor(0.5000, device='cuda:0')
tensor(0.6000, device='cuda:0')
tensor(0.8095, device='cuda:0')
tensor(0., device='cuda:0')
ACC: tensor(0.5769, device='cuda:0')
tensor(0.5667, device='cuda:0')
tensor(0.5556, device='cuda:0')
tensor(0.1765, device='cuda:0')
tensor(0.7143, device='cuda:0')
tensor(0.9048, device='cuda:0')
tensor(0., device='cuda:0')
ACC: tensor(0.5288, device='cuda:0')
tensor(0.4286, device='cuda:0')
tensor(0.4444, device='cuda:0')
tensor(0.7941, device='cuda:0')
tensor(0.6000, device='cuda:0')
tensor(0.8571, device='cuda:0')
tensor(0., device='cuda:0')
ACC: tensor(0.6731, device='cuda:0')
tensor(0.6279, device='cuda:0')
tensor(0.5556, device='cuda:0')
tensor(0.7353, device='cuda:0')
tensor(0.6000, device='cuda:0')
tensor(0.8095, device='cuda:0')
tensor(0., device='cuda:0')
ACC: tensor(0.6538, device='cuda:0')
tensor(0.5682, device='cuda:0')
tensor(0.5556, device='cuda:0')
tensor(0.6765, device='cuda:0')
tensor(0.6286, device='cuda:0')
tensor(0.8095, device='cuda:0')
tensor(0., device='cuda:0')
ACC: tensor(0.6442, device='cuda:0')
tensor(0.6053, device='cuda:0')
tensor(0.5556, device='cuda:0')
tensor(0.6765, device='cuda:0')
tensor(0.5714, device='cuda:0')
tensor(0.9524, device='cuda:0')
tensor(0., device='cuda:0')
ACC: tensor(0.6538, device='cuda:0')
tensor(0.6216, device='cuda:0')
tensor(0.5556, device='cuda:0')
tensor(0.5882, device='cuda:0')
tensor(0.5714, device='cuda:0')
tensor(0.8571, device='cuda:0')
tensor(0., device='cuda:0')
ACC: tensor(0.6058, device='cuda:0')
tensor(0.5882, device='cuda:0')
BEST_ACC: 0.6730769276618958
start unstructured pruning for all conv layers
Pruning encoder.layers.0.self_attn.k_proj
Pruning encoder.layers.0.self_attn.v_proj
Pruning encoder.layers.0.self_attn.q_proj
Pruning encoder.layers.0.self_attn.out_proj
Pruning encoder.layers.1.self_attn.k_proj
Pruning encoder.layers.1.self_attn.v_proj
Pruning encoder.layers.1.self_attn.q_proj
Pruning encoder.layers.1.self_attn.out_proj
Pruning encoder.layers.2.self_attn.k_proj
Pruning encoder.layers.2.self_attn.v_proj
Pruning encoder.layers.2.self_attn.q_proj
Pruning encoder.layers.2.self_attn.out_proj
Pruning encoder.layers.3.self_attn.k_proj
Pruning encoder.layers.3.self_attn.v_proj
Pruning encoder.layers.3.self_attn.q_proj
Pruning encoder.layers.3.self_attn.out_proj
Pruning encoder.layers.4.self_attn.k_proj
Pruning encoder.layers.4.self_attn.v_proj
Pruning encoder.layers.4.self_attn.q_proj
Pruning encoder.layers.4.self_attn.out_proj
Pruning encoder.layers.5.self_attn.k_proj
Pruning encoder.layers.5.self_attn.v_proj
Pruning encoder.layers.5.self_attn.q_proj
Pruning encoder.layers.5.self_attn.out_proj
Pruning encoder.layers.6.self_attn.k_proj
Pruning encoder.layers.6.self_attn.v_proj
Pruning encoder.layers.6.self_attn.q_proj
Pruning encoder.layers.6.self_attn.out_proj
Pruning encoder.layers.7.self_attn.k_proj
Pruning encoder.layers.7.self_attn.v_proj
Pruning encoder.layers.7.self_attn.q_proj
Pruning encoder.layers.7.self_attn.out_proj
tensor(0.4444, device='cuda:0')
tensor(0.7353, device='cuda:0')
tensor(0.6000, device='cuda:0')
tensor(0.8571, device='cuda:0')
tensor(0.2000, device='cuda:0')
ACC: tensor(0.6635, device='cuda:0')
tensor(0.5556, device='cuda:0')
tensor(0.5556, device='cuda:0')
tensor(0.5882, device='cuda:0')
tensor(0.6286, device='cuda:0')
tensor(0.7619, device='cuda:0')
tensor(0., device='cuda:0')
ACC: tensor(0.6058, device='cuda:0')
tensor(0.5405, device='cuda:0')
tensor(0.5556, device='cuda:0')
tensor(0.4118, device='cuda:0')
tensor(0.6000, device='cuda:0')
tensor(0.9048, device='cuda:0')
tensor(0., device='cuda:0')
ACC: tensor(0.5673, device='cuda:0')
tensor(0.6087, device='cuda:0')
tensor(0.4444, device='cuda:0')
tensor(0.6471, device='cuda:0')
tensor(0.6000, device='cuda:0')
tensor(0.8571, device='cuda:0')
tensor(0., device='cuda:0')
ACC: tensor(0.6250, device='cuda:0')
tensor(0.5946, device='cuda:0')
tensor(0.4444, device='cuda:0')
tensor(0.6471, device='cuda:0')
tensor(0.6857, device='cuda:0')
tensor(0.7619, device='cuda:0')
tensor(0., device='cuda:0')
ACC: tensor(0.6346, device='cuda:0')
tensor(0.5946, device='cuda:0')
tensor(0.4444, device='cuda:0')
tensor(0.5882, device='cuda:0')
tensor(0.6286, device='cuda:0')
tensor(0.8571, device='cuda:0')
tensor(0., device='cuda:0')
ACC: tensor(0.6154, device='cuda:0')
tensor(0.5882, device='cuda:0')
tensor(0.5556, device='cuda:0')
tensor(0.5588, device='cuda:0')
tensor(0.6000, device='cuda:0')
tensor(0.8095, device='cuda:0')
tensor(0.2000, device='cuda:0')
ACC: tensor(0.6058, device='cuda:0')
tensor(0.5758, device='cuda:0')
tensor(0.5556, device='cuda:0')
tensor(0.5294, device='cuda:0')
tensor(0.6571, device='cuda:0')
tensor(0.9048, device='cuda:0')
tensor(0., device='cuda:0')
ACC: tensor(0.6250, device='cuda:0')
tensor(0.5625, device='cuda:0')
BEST_ACC: 0.6634615659713745
start unstructured pruning for all conv layers
Pruning encoder.layers.0.self_attn.k_proj
Pruning encoder.layers.0.self_attn.v_proj
Pruning encoder.layers.0.self_attn.q_proj
Pruning encoder.layers.0.self_attn.out_proj
Pruning encoder.layers.1.self_attn.k_proj
Pruning encoder.layers.1.self_attn.v_proj
Pruning encoder.layers.1.self_attn.q_proj
Pruning encoder.layers.1.self_attn.out_proj
Pruning encoder.layers.2.self_attn.k_proj
Pruning encoder.layers.2.self_attn.v_proj
Pruning encoder.layers.2.self_attn.q_proj
Pruning encoder.layers.2.self_attn.out_proj
Pruning encoder.layers.3.self_attn.k_proj
Pruning encoder.layers.3.self_attn.v_proj
Pruning encoder.layers.3.self_attn.q_proj
Pruning encoder.layers.3.self_attn.out_proj
Pruning encoder.layers.4.self_attn.k_proj
Pruning encoder.layers.4.self_attn.v_proj
Pruning encoder.layers.4.self_attn.q_proj
Pruning encoder.layers.4.self_attn.out_proj
Pruning encoder.layers.5.self_attn.k_proj
Pruning encoder.layers.5.self_attn.v_proj
Pruning encoder.layers.5.self_attn.q_proj
Pruning encoder.layers.5.self_attn.out_proj
Pruning encoder.layers.6.self_attn.k_proj
Pruning encoder.layers.6.self_attn.v_proj
Pruning encoder.layers.6.self_attn.q_proj
Pruning encoder.layers.6.self_attn.out_proj
Pruning encoder.layers.7.self_attn.k_proj
Pruning encoder.layers.7.self_attn.v_proj
Pruning encoder.layers.7.self_attn.q_proj
Pruning encoder.layers.7.self_attn.out_proj
tensor(0.2222, device='cuda:0')
tensor(0.7941, device='cuda:0')
tensor(0.6286, device='cuda:0')
tensor(0.7619, device='cuda:0')
tensor(0.2000, device='cuda:0')
ACC: tensor(0.6538, device='cuda:0')
tensor(0.5625, device='cuda:0')
tensor(0.4444, device='cuda:0')
tensor(0.5294, device='cuda:0')
tensor(0.6571, device='cuda:0')
tensor(0.8571, device='cuda:0')
tensor(0., device='cuda:0')
ACC: tensor(0.6058, device='cuda:0')
tensor(0.5806, device='cuda:0')
tensor(0.5556, device='cuda:0')
tensor(0.6176, device='cuda:0')
tensor(0.6000, device='cuda:0')
tensor(0.8571, device='cuda:0')
tensor(0., device='cuda:0')
ACC: tensor(0.6250, device='cuda:0')
tensor(0.6774, device='cuda:0')
tensor(0.6667, device='cuda:0')
tensor(0.5000, device='cuda:0')
tensor(0.6000, device='cuda:0')
tensor(0.8571, device='cuda:0')
tensor(0., device='cuda:0')
ACC: tensor(0.5962, device='cuda:0')
tensor(0.5667, device='cuda:0')
tensor(0.4444, device='cuda:0')
tensor(0.7647, device='cuda:0')
tensor(0.5714, device='cuda:0')
tensor(0.7619, device='cuda:0')
tensor(0., device='cuda:0')
ACC: tensor(0.6346, device='cuda:0')
tensor(0.5306, device='cuda:0')
tensor(0.3333, device='cuda:0')
tensor(0.6176, device='cuda:0')
tensor(0.7143, device='cuda:0')
tensor(0.7619, device='cuda:0')
tensor(0., device='cuda:0')
ACC: tensor(0.6250, device='cuda:0')
tensor(0.5676, device='cuda:0')
tensor(0.4444, device='cuda:0')
tensor(0.6765, device='cuda:0')
tensor(0.6000, device='cuda:0')
tensor(0.8095, device='cuda:0')
tensor(0., device='cuda:0')
ACC: tensor(0.6250, device='cuda:0')
tensor(0.4894, device='cuda:0')
tensor(0.4444, device='cuda:0')
tensor(0.6765, device='cuda:0')
tensor(0.5714, device='cuda:0')
tensor(0.8571, device='cuda:0')
tensor(0., device='cuda:0')
ACC: tensor(0.6250, device='cuda:0')
tensor(0.4894, device='cuda:0')
BEST_ACC: 0.6538462042808533
start unstructured pruning for all conv layers
Pruning encoder.layers.0.self_attn.k_proj
Pruning encoder.layers.0.self_attn.v_proj
Pruning encoder.layers.0.self_attn.q_proj
Pruning encoder.layers.0.self_attn.out_proj
Pruning encoder.layers.1.self_attn.k_proj
Pruning encoder.layers.1.self_attn.v_proj
Pruning encoder.layers.1.self_attn.q_proj
Pruning encoder.layers.1.self_attn.out_proj
Pruning encoder.layers.2.self_attn.k_proj
Pruning encoder.layers.2.self_attn.v_proj
Pruning encoder.layers.2.self_attn.q_proj
Pruning encoder.layers.2.self_attn.out_proj
Pruning encoder.layers.3.self_attn.k_proj
Pruning encoder.layers.3.self_attn.v_proj
Pruning encoder.layers.3.self_attn.q_proj
Pruning encoder.layers.3.self_attn.out_proj
Pruning encoder.layers.4.self_attn.k_proj
Pruning encoder.layers.4.self_attn.v_proj
Pruning encoder.layers.4.self_attn.q_proj
Pruning encoder.layers.4.self_attn.out_proj
Pruning encoder.layers.5.self_attn.k_proj
Pruning encoder.layers.5.self_attn.v_proj
Pruning encoder.layers.5.self_attn.q_proj
Pruning encoder.layers.5.self_attn.out_proj
Pruning encoder.layers.6.self_attn.k_proj
Pruning encoder.layers.6.self_attn.v_proj
Pruning encoder.layers.6.self_attn.q_proj
Pruning encoder.layers.6.self_attn.out_proj
Pruning encoder.layers.7.self_attn.k_proj
Pruning encoder.layers.7.self_attn.v_proj
Pruning encoder.layers.7.self_attn.q_proj
Pruning encoder.layers.7.self_attn.out_proj
tensor(0.4444, device='cuda:0')
tensor(0.7353, device='cuda:0')
tensor(0.6000, device='cuda:0')
tensor(0.7143, device='cuda:0')
tensor(0.2000, device='cuda:0')
ACC: tensor(0.6346, device='cuda:0')
tensor(0.5000, device='cuda:0')
tensor(0.5556, device='cuda:0')
tensor(0.6176, device='cuda:0')
tensor(0.5429, device='cuda:0')
tensor(0.7143, device='cuda:0')
tensor(0., device='cuda:0')
ACC: tensor(0.5769, device='cuda:0')
tensor(0.5122, device='cuda:0')
tensor(0.5556, device='cuda:0')
tensor(0.6176, device='cuda:0')
tensor(0.5714, device='cuda:0')
tensor(0.7619, device='cuda:0')
tensor(0., device='cuda:0')
ACC: tensor(0.5962, device='cuda:0')
tensor(0.5526, device='cuda:0')
tensor(0.5556, device='cuda:0')
tensor(0.6765, device='cuda:0')
tensor(0.5429, device='cuda:0')
tensor(0.8095, device='cuda:0')
tensor(0., device='cuda:0')
ACC: tensor(0.6154, device='cuda:0')
tensor(0.5750, device='cuda:0')
tensor(0.5556, device='cuda:0')
tensor(0.7059, device='cuda:0')
tensor(0.6286, device='cuda:0')
tensor(0.6667, device='cuda:0')
tensor(0., device='cuda:0')
ACC: tensor(0.6250, device='cuda:0')
tensor(0.5854, device='cuda:0')
tensor(0.4444, device='cuda:0')
tensor(0.7353, device='cuda:0')
tensor(0.7143, device='cuda:0')
tensor(0.7619, device='cuda:0')
tensor(0., device='cuda:0')
ACC: tensor(0.6731, device='cuda:0')
tensor(0.6410, device='cuda:0')
tensor(0.5556, device='cuda:0')
tensor(0.7647, device='cuda:0')
tensor(0.5429, device='cuda:0')
tensor(0.8571, device='cuda:0')
tensor(0., device='cuda:0')
ACC: tensor(0.6538, device='cuda:0')
tensor(0.5909, device='cuda:0')
tensor(0.5556, device='cuda:0')
tensor(0.7647, device='cuda:0')
tensor(0.5429, device='cuda:0')
tensor(0.9048, device='cuda:0')
tensor(0., device='cuda:0')
ACC: tensor(0.6635, device='cuda:0')
tensor(0.6047, device='cuda:0')
BEST_ACC: 0.6730769276618958
start unstructured pruning for all conv layers
Pruning encoder.layers.0.self_attn.k_proj
Pruning encoder.layers.0.self_attn.v_proj
Pruning encoder.layers.0.self_attn.q_proj
Pruning encoder.layers.0.self_attn.out_proj
Pruning encoder.layers.1.self_attn.k_proj
Pruning encoder.layers.1.self_attn.v_proj
Pruning encoder.layers.1.self_attn.q_proj
Pruning encoder.layers.1.self_attn.out_proj
Pruning encoder.layers.2.self_attn.k_proj
Pruning encoder.layers.2.self_attn.v_proj
Pruning encoder.layers.2.self_attn.q_proj
Pruning encoder.layers.2.self_attn.out_proj
Pruning encoder.layers.3.self_attn.k_proj
Pruning encoder.layers.3.self_attn.v_proj
Pruning encoder.layers.3.self_attn.q_proj
Pruning encoder.layers.3.self_attn.out_proj
Pruning encoder.layers.4.self_attn.k_proj
Pruning encoder.layers.4.self_attn.v_proj
Pruning encoder.layers.4.self_attn.q_proj
Pruning encoder.layers.4.self_attn.out_proj
Pruning encoder.layers.5.self_attn.k_proj
Pruning encoder.layers.5.self_attn.v_proj
Pruning encoder.layers.5.self_attn.q_proj
Pruning encoder.layers.5.self_attn.out_proj
Pruning encoder.layers.6.self_attn.k_proj
Pruning encoder.layers.6.self_attn.v_proj
Pruning encoder.layers.6.self_attn.q_proj
Pruning encoder.layers.6.self_attn.out_proj
Pruning encoder.layers.7.self_attn.k_proj
Pruning encoder.layers.7.self_attn.v_proj
Pruning encoder.layers.7.self_attn.q_proj
Pruning encoder.layers.7.self_attn.out_proj
tensor(0.5556, device='cuda:0')
tensor(0.7353, device='cuda:0')
tensor(0.6000, device='cuda:0')
tensor(0.7619, device='cuda:0')
tensor(0., device='cuda:0')
ACC: tensor(0.6442, device='cuda:0')
tensor(0.5319, device='cuda:0')
tensor(0.5556, device='cuda:0')
tensor(0.5294, device='cuda:0')
tensor(0.5714, device='cuda:0')
tensor(0.9048, device='cuda:0')
tensor(0., device='cuda:0')
ACC: tensor(0.5962, device='cuda:0')
tensor(0.6667, device='cuda:0')
tensor(0.4444, device='cuda:0')
tensor(0.5882, device='cuda:0')
tensor(0.4857, device='cuda:0')
tensor(0.8571, device='cuda:0')
tensor(0., device='cuda:0')
ACC: tensor(0.5673, device='cuda:0')
tensor(0.5714, device='cuda:0')
tensor(0.5556, device='cuda:0')
tensor(0.6176, device='cuda:0')
tensor(0.5143, device='cuda:0')
tensor(0.8571, device='cuda:0')
tensor(0., device='cuda:0')
ACC: tensor(0.5962, device='cuda:0')
tensor(0.5833, device='cuda:0')
tensor(0.5556, device='cuda:0')
tensor(0.7353, device='cuda:0')
tensor(0.6571, device='cuda:0')
tensor(0.6667, device='cuda:0')
tensor(0., device='cuda:0')
ACC: tensor(0.6442, device='cuda:0')
tensor(0.5814, device='cuda:0')
tensor(0.5556, device='cuda:0')
tensor(0.5294, device='cuda:0')
tensor(0.7143, device='cuda:0')
tensor(0.7143, device='cuda:0')
tensor(0., device='cuda:0')
ACC: tensor(0.6058, device='cuda:0')
tensor(0.6429, device='cuda:0')
tensor(0.5556, device='cuda:0')
tensor(0.7647, device='cuda:0')
tensor(0.5714, device='cuda:0')
tensor(0.7619, device='cuda:0')
tensor(0., device='cuda:0')
ACC: tensor(0.6442, device='cuda:0')
tensor(0.5532, device='cuda:0')
tensor(0.5556, device='cuda:0')
tensor(0.7353, device='cuda:0')
tensor(0.5714, device='cuda:0')
tensor(0.8571, device='cuda:0')
tensor(0., device='cuda:0')
ACC: tensor(0.6538, device='cuda:0')
tensor(0.5682, device='cuda:0')
BEST_ACC: 0.6538462042808533
start unstructured pruning for all conv layers
Pruning encoder.layers.0.self_attn.k_proj
Pruning encoder.layers.0.self_attn.v_proj
Pruning encoder.layers.0.self_attn.q_proj
Pruning encoder.layers.0.self_attn.out_proj
Pruning encoder.layers.1.self_attn.k_proj
Pruning encoder.layers.1.self_attn.v_proj
Pruning encoder.layers.1.self_attn.q_proj
Pruning encoder.layers.1.self_attn.out_proj
Pruning encoder.layers.2.self_attn.k_proj
Pruning encoder.layers.2.self_attn.v_proj
Pruning encoder.layers.2.self_attn.q_proj
Pruning encoder.layers.2.self_attn.out_proj
Pruning encoder.layers.3.self_attn.k_proj
Pruning encoder.layers.3.self_attn.v_proj
Pruning encoder.layers.3.self_attn.q_proj
Pruning encoder.layers.3.self_attn.out_proj
Pruning encoder.layers.4.self_attn.k_proj
Pruning encoder.layers.4.self_attn.v_proj
Pruning encoder.layers.4.self_attn.q_proj
Pruning encoder.layers.4.self_attn.out_proj
Pruning encoder.layers.5.self_attn.k_proj
Pruning encoder.layers.5.self_attn.v_proj
Pruning encoder.layers.5.self_attn.q_proj
Pruning encoder.layers.5.self_attn.out_proj
Pruning encoder.layers.6.self_attn.k_proj
Pruning encoder.layers.6.self_attn.v_proj
Pruning encoder.layers.6.self_attn.q_proj
Pruning encoder.layers.6.self_attn.out_proj
Pruning encoder.layers.7.self_attn.k_proj
Pruning encoder.layers.7.self_attn.v_proj
Pruning encoder.layers.7.self_attn.q_proj
Pruning encoder.layers.7.self_attn.out_proj
tensor(0.5556, device='cuda:0')
tensor(0.6765, device='cuda:0')
tensor(0.5714, device='cuda:0')
tensor(0.8095, device='cuda:0')
tensor(0., device='cuda:0')
ACC: tensor(0.6250, device='cuda:0')
tensor(0.5750, device='cuda:0')
tensor(0.4444, device='cuda:0')
tensor(0.4118, device='cuda:0')
tensor(0.5143, device='cuda:0')
tensor(0.9524, device='cuda:0')
tensor(0., device='cuda:0')
ACC: tensor(0.5385, device='cuda:0')
tensor(0.5833, device='cuda:0')
tensor(0.4444, device='cuda:0')
tensor(0.4706, device='cuda:0')
tensor(0.4571, device='cuda:0')
tensor(0.9048, device='cuda:0')
tensor(0., device='cuda:0')
ACC: tensor(0.5288, device='cuda:0')
tensor(0.5517, device='cuda:0')
tensor(0.5556, device='cuda:0')
tensor(0.5000, device='cuda:0')
tensor(0.4286, device='cuda:0')
tensor(0.9048, device='cuda:0')
tensor(0., device='cuda:0')
ACC: tensor(0.5385, device='cuda:0')
tensor(0.5312, device='cuda:0')
tensor(0.5556, device='cuda:0')
tensor(0.7353, device='cuda:0')
tensor(0.5714, device='cuda:0')
tensor(0.7143, device='cuda:0')
tensor(0., device='cuda:0')
ACC: tensor(0.6250, device='cuda:0')
tensor(0.5952, device='cuda:0')
tensor(0.4444, device='cuda:0')
tensor(0.7059, device='cuda:0')
tensor(0.6571, device='cuda:0')
tensor(0.7619, device='cuda:0')
tensor(0., device='cuda:0')
ACC: tensor(0.6442, device='cuda:0')
tensor(0.6316, device='cuda:0')
tensor(0.5556, device='cuda:0')
tensor(0.7941, device='cuda:0')
tensor(0.5429, device='cuda:0')
tensor(0.7143, device='cuda:0')
tensor(0., device='cuda:0')
ACC: tensor(0.6346, device='cuda:0')
tensor(0.5510, device='cuda:0')
tensor(0.5556, device='cuda:0')
tensor(0.7941, device='cuda:0')
tensor(0.5429, device='cuda:0')
tensor(0.7619, device='cuda:0')
tensor(0., device='cuda:0')
ACC: tensor(0.6442, device='cuda:0')
tensor(0.5625, device='cuda:0')
BEST_ACC: 0.6442307829856873
start unstructured pruning for all conv layers
Pruning encoder.layers.0.self_attn.k_proj
Pruning encoder.layers.0.self_attn.v_proj
Pruning encoder.layers.0.self_attn.q_proj
Pruning encoder.layers.0.self_attn.out_proj
Pruning encoder.layers.1.self_attn.k_proj
Pruning encoder.layers.1.self_attn.v_proj
Pruning encoder.layers.1.self_attn.q_proj
Pruning encoder.layers.1.self_attn.out_proj
Pruning encoder.layers.2.self_attn.k_proj
Pruning encoder.layers.2.self_attn.v_proj
Pruning encoder.layers.2.self_attn.q_proj
Pruning encoder.layers.2.self_attn.out_proj
Pruning encoder.layers.3.self_attn.k_proj
Pruning encoder.layers.3.self_attn.v_proj
Pruning encoder.layers.3.self_attn.q_proj
Pruning encoder.layers.3.self_attn.out_proj
Pruning encoder.layers.4.self_attn.k_proj
Pruning encoder.layers.4.self_attn.v_proj
Pruning encoder.layers.4.self_attn.q_proj
Pruning encoder.layers.4.self_attn.out_proj
Pruning encoder.layers.5.self_attn.k_proj
Pruning encoder.layers.5.self_attn.v_proj
Pruning encoder.layers.5.self_attn.q_proj
Pruning encoder.layers.5.self_attn.out_proj
Pruning encoder.layers.6.self_attn.k_proj
Pruning encoder.layers.6.self_attn.v_proj
Pruning encoder.layers.6.self_attn.q_proj
Pruning encoder.layers.6.self_attn.out_proj
Pruning encoder.layers.7.self_attn.k_proj
Pruning encoder.layers.7.self_attn.v_proj
Pruning encoder.layers.7.self_attn.q_proj
Pruning encoder.layers.7.self_attn.out_proj
tensor(0.5556, device='cuda:0')
tensor(0.8529, device='cuda:0')
tensor(0.6286, device='cuda:0')
tensor(0.7143, device='cuda:0')
tensor(0.2000, device='cuda:0')
ACC: tensor(0.6923, device='cuda:0')
tensor(0.6444, device='cuda:0')
tensor(0.6667, device='cuda:0')
tensor(0.6765, device='cuda:0')
tensor(0.3714, device='cuda:0')
tensor(0.8095, device='cuda:0')
tensor(0., device='cuda:0')
ACC: tensor(0.5673, device='cuda:0')
tensor(0.5000, device='cuda:0')
tensor(0.4444, device='cuda:0')
tensor(0.3235, device='cuda:0')
tensor(0.5429, device='cuda:0')/home/xc4863/esm/esm/pretrained.py:173: UserWarning: Regression weights not found, predicting contacts will not produce correct results.
  "Regression weights not found, predicting contacts will not produce correct results."
/home/xc4863/esm/esm/inverse_folding/util.py:243: UserWarning: To copy construct from a tensor, it is recommended to use sourceTensor.clone().detach() or sourceTensor.clone().detach().requires_grad_(True), rather than torch.tensor(sourceTensor).
  for cd, _ in coords_and_confidence

tensor(0.9048, device='cuda:0')
tensor(0., device='cuda:0')
ACC: tensor(0.5096, device='cuda:0')
tensor(0.5000, device='cuda:0')
tensor(0.5556, device='cuda:0')
tensor(0.5294, device='cuda:0')
tensor(0.6286, device='cuda:0')
tensor(0.7619, device='cuda:0')
tensor(0., device='cuda:0')
ACC: tensor(0.5865, device='cuda:0')
tensor(0.5806, device='cuda:0')
tensor(0.4444, device='cuda:0')
tensor(0.7353, device='cuda:0')
tensor(0.6571, device='cuda:0')
tensor(0.6667, device='cuda:0')
tensor(0., device='cuda:0')
ACC: tensor(0.6346, device='cuda:0')
tensor(0.5682, device='cuda:0')
tensor(0.4444, device='cuda:0')
tensor(0.7059, device='cuda:0')
tensor(0.6000, device='cuda:0')
tensor(0.7619, device='cuda:0')
tensor(0., device='cuda:0')
ACC: tensor(0.6250, device='cuda:0')
tensor(0.5455, device='cuda:0')
tensor(0.5556, device='cuda:0')
tensor(0.6765, device='cuda:0')
tensor(0.5714, device='cuda:0')
tensor(0.8095, device='cuda:0')
tensor(0., device='cuda:0')
ACC: tensor(0.6250, device='cuda:0')
tensor(0.5897, device='cuda:0')
tensor(0.5556, device='cuda:0')
tensor(0.7353, device='cuda:0')
tensor(0.5429, device='cuda:0')
tensor(0.8095, device='cuda:0')
tensor(0., device='cuda:0')
ACC: tensor(0.6346, device='cuda:0')
tensor(0.5682, device='cuda:0')
BEST_ACC: 0.692307710647583
start unstructured pruning for all conv layers
Pruning encoder.layers.0.self_attn.k_proj
Pruning encoder.layers.0.self_attn.v_proj
Pruning encoder.layers.0.self_attn.q_proj
Pruning encoder.layers.0.self_attn.out_proj
Pruning encoder.layers.1.self_attn.k_proj
Pruning encoder.layers.1.self_attn.v_proj
Pruning encoder.layers.1.self_attn.q_proj
Pruning encoder.layers.1.self_attn.out_proj
Pruning encoder.layers.2.self_attn.k_proj
Pruning encoder.layers.2.self_attn.v_proj
Pruning encoder.layers.2.self_attn.q_proj
Pruning encoder.layers.2.self_attn.out_proj
Pruning encoder.layers.3.self_attn.k_proj
Pruning encoder.layers.3.self_attn.v_proj
Pruning encoder.layers.3.self_attn.q_proj
Pruning encoder.layers.3.self_attn.out_proj
Pruning encoder.layers.4.self_attn.k_proj
Pruning encoder.layers.4.self_attn.v_proj
Pruning encoder.layers.4.self_attn.q_proj
Pruning encoder.layers.4.self_attn.out_proj
Pruning encoder.layers.5.self_attn.k_proj
Pruning encoder.layers.5.self_attn.v_proj
Pruning encoder.layers.5.self_attn.q_proj
Pruning encoder.layers.5.self_attn.out_proj
Pruning encoder.layers.6.self_attn.k_proj
Pruning encoder.layers.6.self_attn.v_proj
Pruning encoder.layers.6.self_attn.q_proj
Pruning encoder.layers.6.self_attn.out_proj
Pruning encoder.layers.7.self_attn.k_proj
Pruning encoder.layers.7.self_attn.v_proj
Pruning encoder.layers.7.self_attn.q_proj
Pruning encoder.layers.7.self_attn.out_proj
tensor(0.5556, device='cuda:0')
tensor(0.8529, device='cuda:0')
tensor(0.6000, device='cuda:0')
tensor(0.8095, device='cuda:0')
tensor(0., device='cuda:0')
ACC: tensor(0.6923, device='cuda:0')
tensor(0.5800, device='cuda:0')
tensor(0.4444, device='cuda:0')
tensor(0.6765, device='cuda:0')
tensor(0.3714, device='cuda:0')
tensor(0.7619, device='cuda:0')
tensor(0., device='cuda:0')
ACC: tensor(0.5385, device='cuda:0')
tensor(0.5000, device='cuda:0')
tensor(0.4444, device='cuda:0')
tensor(0.5588, device='cuda:0')
tensor(0.5143, device='cuda:0')
tensor(0.8095, device='cuda:0')
tensor(0., device='cuda:0')
ACC: tensor(0.5577, device='cuda:0')
tensor(0.6333, device='cuda:0')
tensor(0.5556, device='cuda:0')
tensor(0.6176, device='cuda:0')
tensor(0.5429, device='cuda:0')
tensor(0.7143, device='cuda:0')
tensor(0., device='cuda:0')
ACC: tensor(0.5769, device='cuda:0')
tensor(0.5122, device='cuda:0')
tensor(0.4444, device='cuda:0')
tensor(0.8824, device='cuda:0')
tensor(0.4857, device='cuda:0')
tensor(0.7619, device='cuda:0')
tensor(0., device='cuda:0')
ACC: tensor(0.6442, device='cuda:0')
tensor(0.5263, device='cuda:0')
tensor(0.5556, device='cuda:0')
tensor(0.7353, device='cuda:0')
tensor(0.5714, device='cuda:0')
tensor(0.7143, device='cuda:0')
tensor(0., device='cuda:0')
ACC: tensor(0.6250, device='cuda:0')
tensor(0.5319, device='cuda:0')
tensor(0.5556, device='cuda:0')
tensor(0.7647, device='cuda:0')
tensor(0.6286, device='cuda:0')
tensor(0.7619, device='cuda:0')
tensor(0., device='cuda:0')
ACC: tensor(0.6635, device='cuda:0')
tensor(0.6190, device='cuda:0')
tensor(0.5556, device='cuda:0')
tensor(0.7059, device='cuda:0')
tensor(0.6571, device='cuda:0')
tensor(0.8095, device='cuda:0')
tensor(0., device='cuda:0')
ACC: tensor(0.6635, device='cuda:0')
tensor(0.6154, device='cuda:0')
BEST_ACC: 0.692307710647583
