start unstructured pruning for all conv layers
Pruning encoder.layers.0.self_attn.k_proj
Pruning encoder.layers.0.self_attn.v_proj
Pruning encoder.layers.0.self_attn.q_proj
Pruning encoder.layers.0.self_attn.out_proj
Pruning encoder.layers.1.self_attn.k_proj
Pruning encoder.layers.1.self_attn.v_proj
Pruning encoder.layers.1.self_attn.q_proj
Pruning encoder.layers.1.self_attn.out_proj
Pruning encoder.layers.2.self_attn.k_proj
Pruning encoder.layers.2.self_attn.v_proj
Pruning encoder.layers.2.self_attn.q_proj
Pruning encoder.layers.2.self_attn.out_proj
Pruning encoder.layers.3.self_attn.k_proj
Pruning encoder.layers.3.self_attn.v_proj
Pruning encoder.layers.3.self_attn.q_proj
Pruning encoder.layers.3.self_attn.out_proj
Pruning encoder.layers.4.self_attn.k_proj
Pruning encoder.layers.4.self_attn.v_proj
Pruning encoder.layers.4.self_attn.q_proj
Pruning encoder.layers.4.self_attn.out_proj
Pruning encoder.layers.5.self_attn.k_proj
Pruning encoder.layers.5.self_attn.v_proj
Pruning encoder.layers.5.self_attn.q_proj
Pruning encoder.layers.5.self_attn.out_proj
Pruning encoder.layers.6.self_attn.k_proj
Pruning encoder.layers.6.self_attn.v_proj
Pruning encoder.layers.6.self_attn.q_proj
Pruning encoder.layers.6.self_attn.out_proj
Pruning encoder.layers.7.self_attn.k_proj
Pruning encoder.layers.7.self_attn.v_proj
Pruning encoder.layers.7.self_attn.q_proj
Pruning encoder.layers.7.self_attn.out_proj
tensor(1., device='cuda:0')
tensor(0.7222, device='cuda:0')
tensor(0.4750, device='cuda:0')
tensor(0.4762, device='cuda:0')
tensor(0., device='cuda:0')
ACC: tensor(0.5673, device='cuda:0')
tensor(0.4727, device='cuda:0')
tensor(0.7500, device='cuda:0')
tensor(0.5833, device='cuda:0')
tensor(0.5500, device='cuda:0')
tensor(0.6190, device='cuda:0')
tensor(0., device='cuda:0')
ACC: tensor(0.5673, device='cuda:0')
tensor(0.5250, device='cuda:0')
tensor(0.7500, device='cuda:0')
tensor(0.6111, device='cuda:0')
tensor(0.5250, device='cuda:0')
tensor(0.6667, device='cuda:0')
tensor(0., device='cuda:0')
ACC: tensor(0.5769, device='cuda:0')
tensor(0.5238, device='cuda:0')
tensor(0.5000, device='cuda:0')
tensor(0.5556, device='cuda:0')
tensor(0.5500, device='cuda:0')
tensor(0.6190, device='cuda:0')
tensor(0., device='cuda:0')
ACC: tensor(0.5481, device='cuda:0')
tensor(0.4762, device='cuda:0')
tensor(0.7500, device='cuda:0')
tensor(0.8056, device='cuda:0')
tensor(0.5250, device='cuda:0')
tensor(0.2857, device='cuda:0')
tensor(0., device='cuda:0')
ACC: tensor(0.5673, device='cuda:0')
tensor(0.4754, device='cuda:0')
tensor(1., device='cuda:0')
tensor(0.6111, device='cuda:0')
tensor(0.5500, device='cuda:0')
tensor(0.6190, device='cuda:0')
tensor(0., device='cuda:0')
ACC: tensor(0.5865, device='cuda:0')
tensor(0.5116, device='cuda:0')
tensor(1., device='cuda:0')
tensor(0.6667, device='cuda:0')
tensor(0.4250, device='cuda:0')
tensor(0.5714, device='cuda:0')
tensor(0., device='cuda:0')
ACC: tensor(0.5481, device='cuda:0')
tensor(0.5000, device='cuda:0')
tensor(1., device='cuda:0')
tensor(0.6667, device='cuda:0')
tensor(0.4000, device='cuda:0')
tensor(0.6667, device='cuda:0')
tensor(0., device='cuda:0')
ACC: tensor(0.5577, device='cuda:0')
tensor(0.4706, device='cuda:0')
BEST_ACC: 0.5865384936332703
start unstructured pruning for all conv layers
Pruning encoder.layers.0.self_attn.k_proj
Pruning encoder.layers.0.self_attn.v_proj
Pruning encoder.layers.0.self_attn.q_proj
Pruning encoder.layers.0.self_attn.out_proj
Pruning encoder.layers.1.self_attn.k_proj
Pruning encoder.layers.1.self_attn.v_proj
Pruning encoder.layers.1.self_attn.q_proj
Pruning encoder.layers.1.self_attn.out_proj
Pruning encoder.layers.2.self_attn.k_proj
Pruning encoder.layers.2.self_attn.v_proj
Pruning encoder.layers.2.self_attn.q_proj
Pruning encoder.layers.2.self_attn.out_proj
Pruning encoder.layers.3.self_attn.k_proj
Pruning encoder.layers.3.self_attn.v_proj
Pruning encoder.layers.3.self_attn.q_proj
Pruning encoder.layers.3.self_attn.out_proj
Pruning encoder.layers.4.self_attn.k_proj
Pruning encoder.layers.4.self_attn.v_proj
Pruning encoder.layers.4.self_attn.q_proj
Pruning encoder.layers.4.self_attn.out_proj
Pruning encoder.layers.5.self_attn.k_proj
Pruning encoder.layers.5.self_attn.v_proj
Pruning encoder.layers.5.self_attn.q_proj
Pruning encoder.layers.5.self_attn.out_proj
Pruning encoder.layers.6.self_attn.k_proj
Pruning encoder.layers.6.self_attn.v_proj
Pruning encoder.layers.6.self_attn.q_proj
Pruning encoder.layers.6.self_attn.out_proj
Pruning encoder.layers.7.self_attn.k_proj
Pruning encoder.layers.7.self_attn.v_proj
Pruning encoder.layers.7.self_attn.q_proj
Pruning encoder.layers.7.self_attn.out_proj
tensor(0.7500, device='cuda:0')
tensor(0.7500, device='cuda:0')
tensor(0.5000, device='cuda:0')
tensor(0.3810, device='cuda:0')
tensor(0., device='cuda:0')
ACC: tensor(0.5577, device='cuda:0')
tensor(0.4655, device='cuda:0')
tensor(0.7500, device='cuda:0')
tensor(0.6389, device='cuda:0')
tensor(0.5750, device='cuda:0')
tensor(0.4762, device='cuda:0')
tensor(0., device='cuda:0')
ACC: tensor(0.5673, device='cuda:0')
tensor(0.4792, device='cuda:0')
tensor(0.7500, device='cuda:0')
tensor(0.4167, device='cuda:0')
tensor(0.5750, device='cuda:0')
tensor(0.7619, device='cuda:0')
tensor(0., device='cuda:0')
ACC: tensor(0.5481, device='cuda:0')
tensor(0.4688, device='cuda:0')
tensor(0.7500, device='cuda:0')
tensor(0.5556, device='cuda:0')
tensor(0.7000, device='cuda:0')
tensor(0.5714, device='cuda:0')
tensor(0., device='cuda:0')
ACC: tensor(0.6058, device='cuda:0')
tensor(0.5263, device='cuda:0')
tensor(0.5000, device='cuda:0')
tensor(0.8056, device='cuda:0')
tensor(0.5500, device='cuda:0')
tensor(0.2857, device='cuda:0')
tensor(0., device='cuda:0')
ACC: tensor(0.5673, device='cuda:0')
tensor(0.4603, device='cuda:0')
tensor(0.7500, device='cuda:0')
tensor(0.6111, device='cuda:0')
tensor(0.5500, device='cuda:0')
tensor(0.6667, device='cuda:0')
tensor(0., device='cuda:0')
ACC: tensor(0.5865, device='cuda:0')
tensor(0.5116, device='cuda:0')
tensor(0.5000, device='cuda:0')
tensor(0.7778, device='cuda:0')
tensor(0.4750, device='cuda:0')
tensor(0.5238, device='cuda:0')
tensor(0., device='cuda:0')
ACC: tensor(0.5769, device='cuda:0')
tensor(0.4828, device='cuda:0')
tensor(0.7500, device='cuda:0')
tensor(0.7500, device='cuda:0')
tensor(0.5000, device='cuda:0')
tensor(0.4286, device='cuda:0')
tensor(0., device='cuda:0')
ACC: tensor(0.5673, device='cuda:0')
tensor(0.4909, device='cuda:0')
BEST_ACC: 0.6057692766189575
start unstructured pruning for all conv layers
Pruning encoder.layers.0.self_attn.k_proj
Pruning encoder.layers.0.self_attn.v_proj
Pruning encoder.layers.0.self_attn.q_proj
Pruning encoder.layers.0.self_attn.out_proj
Pruning encoder.layers.1.self_attn.k_proj
Pruning encoder.layers.1.self_attn.v_proj
Pruning encoder.layers.1.self_attn.q_proj
Pruning encoder.layers.1.self_attn.out_proj
Pruning encoder.layers.2.self_attn.k_proj
Pruning encoder.layers.2.self_attn.v_proj
Pruning encoder.layers.2.self_attn.q_proj
Pruning encoder.layers.2.self_attn.out_proj
Pruning encoder.layers.3.self_attn.k_proj
Pruning encoder.layers.3.self_attn.v_proj
Pruning encoder.layers.3.self_attn.q_proj
Pruning encoder.layers.3.self_attn.out_proj
Pruning encoder.layers.4.self_attn.k_proj
Pruning encoder.layers.4.self_attn.v_proj
Pruning encoder.layers.4.self_attn.q_proj
Pruning encoder.layers.4.self_attn.out_proj
Pruning encoder.layers.5.self_attn.k_proj
Pruning encoder.layers.5.self_attn.v_proj
Pruning encoder.layers.5.self_attn.q_proj
Pruning encoder.layers.5.self_attn.out_proj
Pruning encoder.layers.6.self_attn.k_proj
Pruning encoder.layers.6.self_attn.v_proj
Pruning encoder.layers.6.self_attn.q_proj
Pruning encoder.layers.6.self_attn.out_proj
Pruning encoder.layers.7.self_attn.k_proj
Pruning encoder.layers.7.self_attn.v_proj
Pruning encoder.layers.7.self_attn.q_proj
Pruning encoder.layers.7.self_attn.out_proj
tensor(0.7500, device='cuda:0')
tensor(0.7222, device='cuda:0')
tensor(0.5000, device='cuda:0')
tensor(0.4286, device='cuda:0')
tensor(0., device='cuda:0')
ACC: tensor(0.5577, device='cuda:0')
tensor(0.4561, device='cuda:0')
tensor(0.7500, device='cuda:0')
tensor(0.7222, device='cuda:0')
tensor(0.5250, device='cuda:0')
tensor(0.3810, device='cuda:0')
tensor(0., device='cuda:0')
ACC: tensor(0.5577, device='cuda:0')
tensor(0.4815, device='cuda:0')
tensor(0.7500, device='cuda:0')
tensor(0.7500, device='cuda:0')
tensor(0.5250, device='cuda:0')
tensor(0.3810, device='cuda:0')
tensor(0., device='cuda:0')
ACC: tensor(0.5673, device='cuda:0')
tensor(0.4821, device='cuda:0')
tensor(0.7500, device='cuda:0')
tensor(0.6944, device='cuda:0')
tensor(0.5750, device='cuda:0')
tensor(0.4762, device='cuda:0')
tensor(0., device='cuda:0')
ACC: tensor(0.5865, device='cuda:0')
tensor(0.4902, device='cuda:0')
tensor(0.7500, device='cuda:0')
tensor(0.8889, device='cuda:0')
tensor(0.5500, device='cuda:0')
tensor(0.1905, device='cuda:0')
tensor(0., device='cuda:0')
ACC: tensor(0.5865, device='cuda:0')
tensor(0.4848, device='cuda:0')
tensor(0.7500, device='cuda:0')
tensor(0.5556, device='cuda:0')
tensor(0.5500, device='cuda:0')
tensor(0.5714, device='cuda:0')
tensor(0., device='cuda:0')
ACC: tensor(0.5481, device='cuda:0')
tensor(0.4762, device='cuda:0')
tensor(0.5000, device='cuda:0')
tensor(0.6667, device='cuda:0')
tensor(0.5500, device='cuda:0')
tensor(0.5714, device='cuda:0')
tensor(0., device='cuda:0')
ACC: tensor(0.5769, device='cuda:0')
tensor(0.5000, device='cuda:0')
tensor(0.5000, device='cuda:0')
tensor(0.6944, device='cuda:0')
tensor(0.4750, device='cuda:0')
tensor(0.5714, device='cuda:0')
tensor(0., device='cuda:0')
ACC: tensor(0.5577, device='cuda:0')
tensor(0.4808, device='cuda:0')
BEST_ACC: 0.5865384936332703
start unstructured pruning for all conv layers
Pruning encoder.layers.0.self_attn.k_proj
Pruning encoder.layers.0.self_attn.v_proj
Pruning encoder.layers.0.self_attn.q_proj
Pruning encoder.layers.0.self_attn.out_proj
Pruning encoder.layers.1.self_attn.k_proj
Pruning encoder.layers.1.self_attn.v_proj
Pruning encoder.layers.1.self_attn.q_proj
Pruning encoder.layers.1.self_attn.out_proj
Pruning encoder.layers.2.self_attn.k_proj
Pruning encoder.layers.2.self_attn.v_proj
Pruning encoder.layers.2.self_attn.q_proj
Pruning encoder.layers.2.self_attn.out_proj
Pruning encoder.layers.3.self_attn.k_proj
Pruning encoder.layers.3.self_attn.v_proj
Pruning encoder.layers.3.self_attn.q_proj
Pruning encoder.layers.3.self_attn.out_proj
Pruning encoder.layers.4.self_attn.k_proj
Pruning encoder.layers.4.self_attn.v_proj
Pruning encoder.layers.4.self_attn.q_proj
Pruning encoder.layers.4.self_attn.out_proj
Pruning encoder.layers.5.self_attn.k_proj
Pruning encoder.layers.5.self_attn.v_proj
Pruning encoder.layers.5.self_attn.q_proj
Pruning encoder.layers.5.self_attn.out_proj
Pruning encoder.layers.6.self_attn.k_proj
Pruning encoder.layers.6.self_attn.v_proj
Pruning encoder.layers.6.self_attn.q_proj
Pruning encoder.layers.6.self_attn.out_proj
Pruning encoder.layers.7.self_attn.k_proj
Pruning encoder.layers.7.self_attn.v_proj
Pruning encoder.layers.7.self_attn.q_proj
Pruning encoder.layers.7.self_attn.out_proj
tensor(0.5000, device='cuda:0')
tensor(0.7222, device='cuda:0')
tensor(0.6000, device='cuda:0')
tensor(0.3333, device='cuda:0')
tensor(0., device='cuda:0')
ACC: tensor(0.5673, device='cuda:0')
tensor(0.4727, device='cuda:0')
tensor(0.7500, device='cuda:0')
tensor(0.6111, device='cuda:0')
tensor(0.5250, device='cuda:0')
tensor(0.3810, device='cuda:0')
tensor(0., device='cuda:0')
ACC: tensor(0.5192, device='cuda:0')
tensor(0.4231, device='cuda:0')
tensor(0.7500, device='cuda:0')
tensor(0.5278, device='cuda:0')
tensor(0.7250, device='cuda:0')
tensor(0.3333, device='cuda:0')
tensor(0., device='cuda:0')
ACC: tensor(0.5577, device='cuda:0')
tensor(0.4524, device='cuda:0')
tensor(0.7500, device='cuda:0')
tensor(0.5556, device='cuda:0')
tensor(0.5750, device='cuda:0')
tensor(0.6190, device='cuda:0')
tensor(0., device='cuda:0')
ACC: tensor(0.5673, device='cuda:0')
tensor(0.4878, device='cuda:0')
tensor(0.7500, device='cuda:0')
tensor(0.7500, device='cuda:0')
tensor(0.6500, device='cuda:0')
tensor(0.2381, device='cuda:0')
tensor(0., device='cuda:0')
ACC: tensor(0.5865, device='cuda:0')
tensor(0.4821, device='cuda:0')
tensor(0.5000, device='cuda:0')
tensor(0.7222, device='cuda:0')
tensor(0.6000, device='cuda:0')
tensor(0.3810, device='cuda:0')
tensor(0., device='cuda:0')
ACC: tensor(0.5769, device='cuda:0')
tensor(0.4643, device='cuda:0')
tensor(0.5000, device='cuda:0')
tensor(0.6389, device='cuda:0')
tensor(0.4750, device='cuda:0')
tensor(0.5238, device='cuda:0')
tensor(0.3333, device='cuda:0')
ACC: tensor(0.5385, device='cuda:0')
tensor(0.4510, device='cuda:0')
tensor(0.5000, device='cuda:0')
tensor(0.6667, device='cuda:0')
tensor(0.4250, device='cuda:0')
tensor(0.5714, device='cuda:0')
tensor(0., device='cuda:0')
ACC: tensor(0.5288, device='cuda:0')
tensor(0.4444, device='cuda:0')
BEST_ACC: 0.5865384936332703
start unstructured pruning for all conv layers
Pruning encoder.layers.0.self_attn.k_proj
Pruning encoder.layers.0.self_attn.v_proj
Pruning encoder.layers.0.self_attn.q_proj
Pruning encoder.layers.0.self_attn.out_proj
Pruning encoder.layers.1.self_attn.k_proj
Pruning encoder.layers.1.self_attn.v_proj
Pruning encoder.layers.1.self_attn.q_proj
Pruning encoder.layers.1.self_attn.out_proj
Pruning encoder.layers.2.self_attn.k_proj
Pruning encoder.layers.2.self_attn.v_proj
Pruning encoder.layers.2.self_attn.q_proj
Pruning encoder.layers.2.self_attn.out_proj
Pruning encoder.layers.3.self_attn.k_proj
Pruning encoder.layers.3.self_attn.v_proj
Pruning encoder.layers.3.self_attn.q_proj
Pruning encoder.layers.3.self_attn.out_proj
Pruning encoder.layers.4.self_attn.k_proj
Pruning encoder.layers.4.self_attn.v_proj
Pruning encoder.layers.4.self_attn.q_proj
Pruning encoder.layers.4.self_attn.out_proj
Pruning encoder.layers.5.self_attn.k_proj
Pruning encoder.layers.5.self_attn.v_proj
Pruning encoder.layers.5.self_attn.q_proj
Pruning encoder.layers.5.self_attn.out_proj
Pruning encoder.layers.6.self_attn.k_proj
Pruning encoder.layers.6.self_attn.v_proj
Pruning encoder.layers.6.self_attn.q_proj
Pruning encoder.layers.6.self_attn.out_proj
Pruning encoder.layers.7.self_attn.k_proj
Pruning encoder.layers.7.self_attn.v_proj
Pruning encoder.layers.7.self_attn.q_proj
Pruning encoder.layers.7.self_attn.out_proj
tensor(0.5000, device='cuda:0')
tensor(0.8333, device='cuda:0')
tensor(0.5000, device='cuda:0')
tensor(0.3810, device='cuda:0')
tensor(0., device='cuda:0')
ACC: tensor(0.5769, device='cuda:0')
tensor(0.4918, device='cuda:0')
tensor(0.7500, device='cuda:0')
tensor(0.5278, device='cuda:0')
tensor(0.7000, device='cuda:0')
tensor(0.5238, device='cuda:0')
tensor(0., device='cuda:0')
ACC: tensor(0.5865, device='cuda:0')
tensor(0.5429, device='cuda:0')
tensor(0.7500, device='cuda:0')
tensor(0.6667, device='cuda:0')
tensor(0.5000, device='cuda:0')
tensor(0.5238, device='cuda:0')
tensor(0., device='cuda:0')
ACC: tensor(0.5577, device='cuda:0')
tensor(0.4800, device='cuda:0')
tensor(0.7500, device='cuda:0')
tensor(0.8056, device='cuda:0')
tensor(0.5500, device='cuda:0')
tensor(0.1905, device='cuda:0')
tensor(0., device='cuda:0')
ACC: tensor(0.5577, device='cuda:0')
tensor(0.4754, device='cuda:0')
tensor(0.5000, device='cuda:0')
tensor(0.8333, device='cuda:0')
tensor(0.6250, device='cuda:0')
tensor(0.2857, device='cuda:0')
tensor(0., device='cuda:0')
ACC: tensor(0.6058, device='cuda:0')
tensor(0.5085, device='cuda:0')
tensor(0.7500, device='cuda:0')
tensor(0.5000, device='cuda:0')
tensor(0.6000, device='cuda:0')
tensor(0.5714, device='cuda:0')
tensor(0., device='cuda:0')
ACC: tensor(0.5481, device='cuda:0')
tensor(0.4737, device='cuda:0')
tensor(0.7500, device='cuda:0')
tensor(0.7222, device='cuda:0')
tensor(0.4500, device='cuda:0')
tensor(0.5714, device='cuda:0')
tensor(0., device='cuda:0')
ACC: tensor(0.5673, device='cuda:0')
tensor(0.4815, device='cuda:0')
tensor(0.7500, device='cuda:0')
tensor(0.6944, device='cuda:0')
tensor(0.4250, device='cuda:0')
tensor(0.5714, device='cuda:0')
tensor(0., device='cuda:0')
ACC: tensor(0.5481, device='cuda:0')
tensor(0.4808, device='cuda:0')
BEST_ACC: 0.6057692766189575
start unstructured pruning for all conv layers
Pruning encoder.layers.0.self_attn.k_proj
Pruning encoder.layers.0.self_attn.v_proj
Pruning encoder.layers.0.self_attn.q_proj
Pruning encoder.layers.0.self_attn.out_proj
Pruning encoder.layers.1.self_attn.k_proj
Pruning encoder.layers.1.self_attn.v_proj
Pruning encoder.layers.1.self_attn.q_proj
Pruning encoder.layers.1.self_attn.out_proj
Pruning encoder.layers.2.self_attn.k_proj
Pruning encoder.layers.2.self_attn.v_proj
Pruning encoder.layers.2.self_attn.q_proj
Pruning encoder.layers.2.self_attn.out_proj
Pruning encoder.layers.3.self_attn.k_proj
Pruning encoder.layers.3.self_attn.v_proj
Pruning encoder.layers.3.self_attn.q_proj
Pruning encoder.layers.3.self_attn.out_proj
Pruning encoder.layers.4.self_attn.k_proj
Pruning encoder.layers.4.self_attn.v_proj
Pruning encoder.layers.4.self_attn.q_proj
Pruning encoder.layers.4.self_attn.out_proj
Pruning encoder.layers.5.self_attn.k_proj
Pruning encoder.layers.5.self_attn.v_proj
Pruning encoder.layers.5.self_attn.q_proj
Pruning encoder.layers.5.self_attn.out_proj
Pruning encoder.layers.6.self_attn.k_proj
Pruning encoder.layers.6.self_attn.v_proj
Pruning encoder.layers.6.self_attn.q_proj
Pruning encoder.layers.6.self_attn.out_proj
Pruning encoder.layers.7.self_attn.k_proj
Pruning encoder.layers.7.self_attn.v_proj
Pruning encoder.layers.7.self_attn.q_proj
Pruning encoder.layers.7.self_attn.out_proj
tensor(0.7500, device='cuda:0')
tensor(0.7500, device='cuda:0')
tensor(0.5250, device='cuda:0')
tensor(0.5238, device='cuda:0')
tensor(0., device='cuda:0')
ACC: tensor(0.5962, device='cuda:0')
tensor(0.4909, device='cuda:0')
tensor(0.7500, device='cuda:0')
tensor(0.6944, device='cuda:0')
tensor(0.6000, device='cuda:0')
tensor(0.4286, device='cuda:0')
tensor(0., device='cuda:0')
ACC: tensor(0.5865, device='cuda:0')
tensor(0.5000, device='cuda:0')
tensor(0.7500, device='cuda:0')
tensor(0.5833, device='cuda:0')
tensor(0.5500, device='cuda:0')
tensor(0.5238, device='cuda:0')
tensor(0., device='cuda:0')
ACC: tensor(0.5481, device='cuda:0')
tensor(0.4667, device='cuda:0')
tensor(0.7500, device='cuda:0')
tensor(0.8056, device='cuda:0')
tensor(0.5750, device='cuda:0')
tensor(0.3333, device='cuda:0')
tensor(0., device='cuda:0')
ACC: tensor(0.5962, device='cuda:0')
tensor(0.5370, device='cuda:0')
tensor(0.7500, device='cuda:0')
tensor(0.6944, device='cuda:0')
tensor(0.6000, device='cuda:0')
tensor(0.3333, device='cuda:0')
tensor(0., device='cuda:0')
ACC: tensor(0.5673, device='cuda:0')
tensor(0.4902, device='cuda:0')
tensor(0.7500, device='cuda:0')
tensor(0.6389, device='cuda:0')
tensor(0.6000, device='cuda:0')
tensor(0.4286, device='cuda:0')
tensor(0., device='cuda:0')
ACC: tensor(0.5673, device='cuda:0')
tensor(0.5111, device='cuda:0')
tensor(0.7500, device='cuda:0')
tensor(0.7500, device='cuda:0')
tensor(0.4750, device='cuda:0')
tensor(0.5238, device='cuda:0')
tensor(0., device='cuda:0')
ACC: tensor(0.5769, device='cuda:0')
tensor(0.4909, device='cuda:0')
tensor(0.7500, device='cuda:0')
tensor(0.7778, device='cuda:0')
tensor(0.4500, device='cuda:0')
tensor(0.4286, device='cuda:0')
tensor(0., device='cuda:0')
ACC: tensor(0.5577, device='cuda:0')
tensor(0.4667, device='cuda:0')
BEST_ACC: 0.5961538553237915
start unstructured pruning for all conv layers
Pruning encoder.layers.0.self_attn.k_proj
Pruning encoder.layers.0.self_attn.v_proj
Pruning encoder.layers.0.self_attn.q_proj
Pruning encoder.layers.0.self_attn.out_proj
Pruning encoder.layers.1.self_attn.k_proj
Pruning encoder.layers.1.self_attn.v_proj
Pruning encoder.layers.1.self_attn.q_proj
Pruning encoder.layers.1.self_attn.out_proj
Pruning encoder.layers.2.self_attn.k_proj
Pruning encoder.layers.2.self_attn.v_proj
Pruning encoder.layers.2.self_attn.q_proj
Pruning encoder.layers.2.self_attn.out_proj
Pruning encoder.layers.3.self_attn.k_proj
Pruning encoder.layers.3.self_attn.v_proj
Pruning encoder.layers.3.self_attn.q_proj
Pruning encoder.layers.3.self_attn.out_proj
Pruning encoder.layers.4.self_attn.k_proj
Pruning encoder.layers.4.self_attn.v_proj
Pruning encoder.layers.4.self_attn.q_proj
Pruning encoder.layers.4.self_attn.out_proj
Pruning encoder.layers.5.self_attn.k_proj
Pruning encoder.layers.5.self_attn.v_proj
Pruning encoder.layers.5.self_attn.q_proj
Pruning encoder.layers.5.self_attn.out_proj
Pruning encoder.layers.6.self_attn.k_proj
Pruning encoder.layers.6.self_attn.v_proj
Pruning encoder.layers.6.self_attn.q_proj
Pruning encoder.layers.6.self_attn.out_proj
Pruning encoder.layers.7.self_attn.k_proj
Pruning encoder.layers.7.self_attn.v_proj
Pruning encoder.layers.7.self_attn.q_proj
Pruning encoder.layers.7.self_attn.out_proj
tensor(0.7500, device='cuda:0')
tensor(0.7222, device='cuda:0')
tensor(0.5000, device='cuda:0')
tensor(0.4286, device='cuda:0')
tensor(0., device='cuda:0')
ACC: tensor(0.5577, device='cuda:0')
tensor(0.4727, device='cuda:0')
tensor(0.7500, device='cuda:0')
tensor(0.7222, device='cuda:0')
tensor(0.6500, device='cuda:0')
tensor(0.2857, device='cuda:0')
tensor(0., device='cuda:0')
ACC: tensor(0.5865, device='cuda:0')
tensor(0.5200, device='cuda:0')
tensor(0.7500, device='cuda:0')
tensor(0.5833, device='cuda:0')
tensor(0.5750, device='cuda:0')
tensor(0.4762, device='cuda:0')
tensor(0., device='cuda:0')
ACC: tensor(0.5481, device='cuda:0')
tensor(0.4667, device='cuda:0')
tensor(0.7500, device='cuda:0')
tensor(0.6944, device='cuda:0')
tensor(0.5750, device='cuda:0')
tensor(0.4286, device='cuda:0')
tensor(0., device='cuda:0')
ACC: tensor(0.5769, device='cuda:0')
tensor(0.4902, device='cuda:0')
tensor(0.5000, device='cuda:0')
tensor(0.5833, device='cuda:0')
tensor(0.7000, device='cuda:0')
tensor(0.3810, device='cuda:0')
tensor(0., device='cuda:0')
ACC: tensor(0.5673, device='cuda:0')
tensor(0.5385, device='cuda:0')
tensor(0.5000, device='cuda:0')
tensor(0.5833, device='cuda:0')
tensor(0.6250, device='cuda:0')
tensor(0.4762, device='cuda:0')
tensor(0., device='cuda:0')
ACC: tensor(0.5577, device='cuda:0')
tensor(0.4773, device='cuda:0')
tensor(0.7500, device='cuda:0')
tensor(0.8056, device='cuda:0')
tensor(0.4500, device='cuda:0')
tensor(0.5238, device='cuda:0')
tensor(0., device='cuda:0')
ACC: tensor(0.5865, device='cuda:0')
tensor(0.5179, device='cuda:0')
tensor(0.5000, device='cuda:0')
tensor(0.7500, device='cuda:0')
tensor(0.4750, device='cuda:0')
tensor(0.5238, device='cuda:0')
tensor(0., device='cuda:0')
ACC: tensor(0.5673, device='cuda:0')
tensor(0.4909, device='cuda:0')
BEST_ACC: 0.5865384936332703
start unstructured pruning for all conv layers
Pruning encoder.layers.0.self_attn.k_proj
Pruning encoder.layers.0.self_attn.v_proj
Pruning encoder.layers.0.self_attn.q_proj
Pruning encoder.layers.0.self_attn.out_proj
Pruning encoder.layers.1.self_attn.k_proj
Pruning encoder.layers.1.self_attn.v_proj
Pruning encoder.layers.1.self_attn.q_proj
Pruning encoder.layers.1.self_attn.out_proj
Pruning encoder.layers.2.self_attn.k_proj
Pruning encoder.layers.2.self_attn.v_proj
Pruning encoder.layers.2.self_attn.q_proj
Pruning encoder.layers.2.self_attn.out_proj
Pruning encoder.layers.3.self_attn.k_proj
Pruning encoder.layers.3.self_attn.v_proj
Pruning encoder.layers.3.self_attn.q_proj
Pruning encoder.layers.3.self_attn.out_proj
Pruning encoder.layers.4.self_attn.k_proj
Pruning encoder.layers.4.self_attn.v_proj
Pruning encoder.layers.4.self_attn.q_proj
Pruning encoder.layers.4.self_attn.out_proj
Pruning encoder.layers.5.self_attn.k_proj
Pruning encoder.layers.5.self_attn.v_proj
Pruning encoder.layers.5.self_attn.q_proj
Pruning encoder.layers.5.self_attn.out_proj
Pruning encoder.layers.6.self_attn.k_proj
Pruning encoder.layers.6.self_attn.v_proj
Pruning encoder.layers.6.self_attn.q_proj
Pruning encoder.layers.6.self_attn.out_proj
Pruning encoder.layers.7.self_attn.k_proj
Pruning encoder.layers.7.self_attn.v_proj
Pruning encoder.layers.7.self_attn.q_proj
Pruning encoder.layers.7.self_attn.out_proj
tensor(0.5000, device='cuda:0')
tensor(0.7222, device='cuda:0')
tensor(0.5000, device='cuda:0')
tensor(0.4762, device='cuda:0')
tensor(0., device='cuda:0')
ACC: tensor(0.5577, device='cuda:0')
tensor(0.4906, device='cuda:0')
tensor(0.7500, device='cuda:0')
tensor(0.6667, device='cuda:0')
tensor(0.5250, device='cuda:0')
tensor(0.3810, device='cuda:0')
tensor(0., device='cuda:0')
ACC: tensor(0.5385, device='cuda:0')
tensor(0.4364, device='cuda:0')
tensor(0.7500, device='cuda:0')
tensor(0.6111, device='cuda:0')
tensor(0.5250, device='cuda:0')
tensor(0.3333, device='cuda:0')/home/xc4863/esm/esm/pretrained.py:173: UserWarning: Regression weights not found, predicting contacts will not produce correct results.
  "Regression weights not found, predicting contacts will not produce correct results."
/home/xc4863/esm/esm/inverse_folding/util.py:243: UserWarning: To copy construct from a tensor, it is recommended to use sourceTensor.clone().detach() or sourceTensor.clone().detach().requires_grad_(True), rather than torch.tensor(sourceTensor).
  for cd, _ in coords_and_confidence

tensor(0., device='cuda:0')
ACC: tensor(0.5096, device='cuda:0')
tensor(0.4231, device='cuda:0')
tensor(0.7500, device='cuda:0')
tensor(0.6111, device='cuda:0')
tensor(0.5500, device='cuda:0')
tensor(0.3333, device='cuda:0')
tensor(0., device='cuda:0')
ACC: tensor(0.5192, device='cuda:0')
tensor(0.4151, device='cuda:0')
tensor(0.5000, device='cuda:0')
tensor(0.6389, device='cuda:0')
tensor(0.5750, device='cuda:0')
tensor(0.2381, device='cuda:0')
tensor(0., device='cuda:0')
ACC: tensor(0.5096, device='cuda:0')
tensor(0.4340, device='cuda:0')
tensor(0.5000, device='cuda:0')
tensor(0.7500, device='cuda:0')
tensor(0.5250, device='cuda:0')
tensor(0.3333, device='cuda:0')
tensor(0., device='cuda:0')
ACC: tensor(0.5481, device='cuda:0')
tensor(0.4500, device='cuda:0')
tensor(0.5000, device='cuda:0')
tensor(0.7222, device='cuda:0')
tensor(0.4250, device='cuda:0')
tensor(0.4286, device='cuda:0')
tensor(0., device='cuda:0')
ACC: tensor(0.5192, device='cuda:0')
tensor(0.4333, device='cuda:0')
tensor(0.5000, device='cuda:0')
tensor(0.7222, device='cuda:0')
tensor(0.5000, device='cuda:0')
tensor(0.4286, device='cuda:0')
tensor(0., device='cuda:0')
ACC: tensor(0.5481, device='cuda:0')
tensor(0.4643, device='cuda:0')
BEST_ACC: 0.5576923489570618
start unstructured pruning for all conv layers
Pruning encoder.layers.0.self_attn.k_proj
Pruning encoder.layers.0.self_attn.v_proj
Pruning encoder.layers.0.self_attn.q_proj
Pruning encoder.layers.0.self_attn.out_proj
Pruning encoder.layers.1.self_attn.k_proj
Pruning encoder.layers.1.self_attn.v_proj
Pruning encoder.layers.1.self_attn.q_proj
Pruning encoder.layers.1.self_attn.out_proj
Pruning encoder.layers.2.self_attn.k_proj
Pruning encoder.layers.2.self_attn.v_proj
Pruning encoder.layers.2.self_attn.q_proj
Pruning encoder.layers.2.self_attn.out_proj
Pruning encoder.layers.3.self_attn.k_proj
Pruning encoder.layers.3.self_attn.v_proj
Pruning encoder.layers.3.self_attn.q_proj
Pruning encoder.layers.3.self_attn.out_proj
Pruning encoder.layers.4.self_attn.k_proj
Pruning encoder.layers.4.self_attn.v_proj
Pruning encoder.layers.4.self_attn.q_proj
Pruning encoder.layers.4.self_attn.out_proj
Pruning encoder.layers.5.self_attn.k_proj
Pruning encoder.layers.5.self_attn.v_proj
Pruning encoder.layers.5.self_attn.q_proj
Pruning encoder.layers.5.self_attn.out_proj
Pruning encoder.layers.6.self_attn.k_proj
Pruning encoder.layers.6.self_attn.v_proj
Pruning encoder.layers.6.self_attn.q_proj
Pruning encoder.layers.6.self_attn.out_proj
Pruning encoder.layers.7.self_attn.k_proj
Pruning encoder.layers.7.self_attn.v_proj
Pruning encoder.layers.7.self_attn.q_proj
Pruning encoder.layers.7.self_attn.out_proj
tensor(0.7500, device='cuda:0')
tensor(0.6667, device='cuda:0')
tensor(0.5500, device='cuda:0')
tensor(0.4286, device='cuda:0')
tensor(0., device='cuda:0')
ACC: tensor(0.5577, device='cuda:0')
tensor(0.4615, device='cuda:0')
tensor(0.7500, device='cuda:0')
tensor(0.7500, device='cuda:0')
tensor(0.5750, device='cuda:0')
tensor(0.3333, device='cuda:0')
tensor(0., device='cuda:0')
ACC: tensor(0.5769, device='cuda:0')
tensor(0.4821, device='cuda:0')
tensor(0.7500, device='cuda:0')
tensor(0.6944, device='cuda:0')
tensor(0.5250, device='cuda:0')
tensor(0.3810, device='cuda:0')
tensor(0., device='cuda:0')
ACC: tensor(0.5481, device='cuda:0')
tensor(0.4464, device='cuda:0')
tensor(0.7500, device='cuda:0')
tensor(0.6389, device='cuda:0')
tensor(0.5750, device='cuda:0')
tensor(0.4762, device='cuda:0')
tensor(0., device='cuda:0')
ACC: tensor(0.5673, device='cuda:0')
tensor(0.4792, device='cuda:0')
tensor(0.7500, device='cuda:0')
tensor(0.7778, device='cuda:0')
tensor(0.6750, device='cuda:0')
tensor(0.2381, device='cuda:0')
tensor(0., device='cuda:0')
ACC: tensor(0.6058, device='cuda:0')
tensor(0.5283, device='cuda:0')
tensor(0.5000, device='cuda:0')
tensor(0.6944, device='cuda:0')
tensor(0.6500, device='cuda:0')
tensor(0.3333, device='cuda:0')
tensor(0., device='cuda:0')
ACC: tensor(0.5769, device='cuda:0')
tensor(0.4902, device='cuda:0')
tensor(0.7500, device='cuda:0')
tensor(0.6667, device='cuda:0')
tensor(0.5000, device='cuda:0')
tensor(0.4286, device='cuda:0')
tensor(0., device='cuda:0')
ACC: tensor(0.5385, device='cuda:0')
tensor(0.4444, device='cuda:0')
tensor(0.7500, device='cuda:0')
tensor(0.7222, device='cuda:0')
tensor(0.5000, device='cuda:0')
tensor(0.4762, device='cuda:0')
tensor(0., device='cuda:0')
ACC: tensor(0.5673, device='cuda:0')
tensor(0.4727, device='cuda:0')
BEST_ACC: 0.6057692766189575
